<?xml version="1.0" encoding="UTF-8"?>
<!-- Generated by org.testng.reporters.JUnitReportReporter -->
<testsuite hostname="GGN000137585002" name="com.mckinsey.galenframework.tests.SampleTest" tests="3" failures="3" timestamp="15 May 2018 06:37:33 GMT" time="438.600" errors="0">
  <testcase name="sampleTestOnDesktop" time="150.829" classname="com.mckinsey.galenframework.tests.SampleTest">
    <failure type="java.lang.NullPointerException">
      <![CDATA[java.lang.NullPointerException
	at org.openqa.selenium.remote.RemoteWebDriver.findElements(RemoteWebDriver.java:397)
	at org.openqa.selenium.remote.RemoteWebDriver.findElementsByCssSelector(RemoteWebDriver.java:496)
	at org.openqa.selenium.By$ByCssSelector.findElements(By.java:441)
	at org.openqa.selenium.remote.RemoteWebDriver.findElements(RemoteWebDriver.java:351)
	at com.galenframework.page.selenium.ByChain.findElement(ByChain.java:63)
	at com.galenframework.page.selenium.SeleniumPage.driverFindElement(SeleniumPage.java:115)
	at com.galenframework.page.selenium.SeleniumPage.locatorToElement(SeleniumPage.java:123)
	at com.galenframework.page.selenium.SeleniumPage.getObject(SeleniumPage.java:89)
	at com.galenframework.page.selenium.SeleniumPage.getObject(SeleniumPage.java:98)
	at com.galenframework.validation.PageValidation.findPageElement(PageValidation.java:88)
	at com.galenframework.validation.SpecValidationCss.check(SpecValidationCss.java:32)
	at com.galenframework.validation.SpecValidationCss.check(SpecValidationCss.java:28)
	at com.galenframework.validation.PageValidation.check(PageValidation.java:70)
	at com.galenframework.validation.PageValidation.check(PageValidation.java:60)
	at com.galenframework.validation.SectionValidation.checkObject(SectionValidation.java:165)
	at com.galenframework.validation.SectionValidation.checkObjects(SectionValidation.java:75)
	at com.galenframework.validation.SectionValidation.checkSection(SectionValidation.java:109)
	at com.galenframework.validation.SectionValidation.checkPageSection(SectionValidation.java:54)
	at com.galenframework.validation.SectionValidation.check(SectionValidation.java:47)
	at com.galenframework.api.Galen.checkLayoutForPage(Galen.java:113)
	at com.galenframework.api.Galen.checkLayout(Galen.java:86)
	at com.galenframework.api.Galen.checkLayout(Galen.java:69)
	at com.galenframework.api.Galen.checkLayout(Galen.java:59)
	at com.galenframework.api.Galen.checkLayout(Galen.java:52)
	at com.galenframework.api.Galen.checkLayout(Galen.java:141)
	at com.galenframework.support.GalenJavaTestBase.checkLayout(GalenJavaTestBase.java:125)
	at com.galenframework.support.GalenJavaTestBase.checkLayout(GalenJavaTestBase.java:111)
	at com.mckinsey.galenframework.tests.SampleTest.sampleTestOnDesktop(SampleTest.java:20)
	at sun.reflect.NativeMethodAccessorImpl.invoke0(Native Method)
	at sun.reflect.NativeMethodAccessorImpl.invoke(Unknown Source)
	at sun.reflect.DelegatingMethodAccessorImpl.invoke(Unknown Source)
	at java.lang.reflect.Method.invoke(Unknown Source)
	at org.testng.internal.MethodInvocationHelper.invokeMethod(MethodInvocationHelper.java:80)
	at org.testng.internal.Invoker.invokeMethod(Invoker.java:715)
	at org.testng.internal.Invoker.invokeTestMethod(Invoker.java:907)
	at org.testng.internal.Invoker.invokeTestMethods(Invoker.java:1237)
	at org.testng.internal.TestMethodWorker.invokeTestMethods(TestMethodWorker.java:127)
	at org.testng.internal.TestMethodWorker.run(TestMethodWorker.java:111)
	at org.testng.TestRunner.privateRun(TestRunner.java:767)
	at org.testng.TestRunner.run(TestRunner.java:617)
	at org.testng.SuiteRunner.runTest(SuiteRunner.java:334)
	at org.testng.SuiteRunner.runSequentially(SuiteRunner.java:329)
	at org.testng.SuiteRunner.privateRun(SuiteRunner.java:291)
	at org.testng.SuiteRunner.run(SuiteRunner.java:240)
	at org.testng.SuiteRunnerWorker.runSuite(SuiteRunnerWorker.java:51)
	at org.testng.SuiteRunnerWorker.run(SuiteRunnerWorker.java:85)
	at org.testng.TestNG.runSuitesSequentially(TestNG.java:1197)
	at org.testng.TestNG.runSuitesLocally(TestNG.java:1122)
	at org.testng.TestNG.run(TestNG.java:1030)
	at org.testng.remote.AbstractRemoteTestNG.run(AbstractRemoteTestNG.java:132)
	at org.testng.remote.RemoteTestNG.initAndRun(RemoteTestNG.java:230)
	at org.testng.remote.RemoteTestNG.main(RemoteTestNG.java:76)
]]>
    </failure>
  </testcase> <!-- sampleTestOnDesktop -->
  <testcase name="sampleTestOnMobile" time="262.880" classname="com.mckinsey.galenframework.tests.SampleTest">
    <failure type="com.galenframework.support.LayoutValidationException" message="/specs/demoPage.spec, tags: [mobile]
  - &quot;global-header&quot; is absent on page (/specs/demoPage.spec:232)
  - Cannot find locator for &quot;global-footer-main.mck-logo-icon&quot; in page spec (/specs/demoPage.spec:235)
  - Cannot find locator for &quot;global-footer-main.mck-logo-icon&quot; in page spec (/specs/demoPage.spec:236)
  - &quot;global-footer-main.main-section&quot; is absent on page (/specs/demoPage.spec:239)
  - &quot;global-footer-main.main-section&quot; is absent on page (/specs/demoPage.spec:240)
  - &quot;utility-links&quot; is absent on page (/specs/demoPage.spec:243)
  - &quot;footer-section&quot; is absent on page (/specs/demoPage.spec:246)
  - &quot;footer-section.app-store&quot; is absent on page (/specs/demoPage.spec:249)
  - &quot;multimedia-hero&quot; is absent on page (/specs/demoPage.spec:252)
  - &quot;up-medium-hero&quot; is absent on page (/specs/demoPage.spec:255)
  - &quot;up-medium-quote-up-right&quot; is absent on page (/specs/demoPage.spec:258)
  - &quot;two-up-medium&quot; is absent on page (/specs/demoPage.spec:261)
  - &quot;three-up-enhanced&quot; is absent on page (/specs/demoPage.spec:264)
  - &quot;one-up-medium-up-left-desc&quot; is absent on page (/specs/demoPage.spec:267)
  - &quot;eyebrow&quot; is absent on page (/specs/demoPage.spec:270)
  - &quot;headline&quot; is absent on page (/specs/demoPage.spec:273)
  - &quot;dek&quot; is absent on page (/specs/demoPage.spec:276)
  - &quot;cta&quot; is absent on page (/specs/demoPage.spec:279)
  - &quot;one-up-medium-with-hero-headline&quot; is absent on page (/specs/demoPage.spec:282)
  - &quot;one-up-medium-with-hero-headline&quot; is absent on page (/specs/demoPage.spec:283)
  - &quot;one-up-medium-with-hero-dek&quot; is absent on page (/specs/demoPage.spec:286)
  - &quot;one-up-medium-with-hero-dek&quot; is absent on page (/specs/demoPage.spec:287)
  - &quot;three-up-enhanced-l-headline&quot; is absent on page (/specs/demoPage.spec:290)
  - &quot;three-up-enhanced-l-headline&quot; is absent on page (/specs/demoPage.spec:291)
  - &quot;three-up-enhanced-m-headline&quot; is absent on page (/specs/demoPage.spec:294)
  - &quot;three-up-enhanced-m-headline&quot; is absent on page (/specs/demoPage.spec:295)
  - &quot;three-up-enhanced-m-dek&quot; is absent on page (/specs/demoPage.spec:298)
  - &quot;three-up-enhanced-m-dek&quot; is absent on page (/specs/demoPage.spec:299)
  - &quot;three-up-enhanced-s-headline&quot; is absent on page (/specs/demoPage.spec:302)
  - &quot;three-up-enhanced-s-headline&quot; is absent on page (/specs/demoPage.spec:303)
  - &quot;two-up-medium-xl-header&quot; is absent on page (/specs/demoPage.spec:306)
  - &quot;two-up-medium-xl-header&quot; is absent on page (/specs/demoPage.spec:307)
  - &quot;two-up-medium-xl-dek&quot; is absent on page (/specs/demoPage.spec:310)
  - &quot;two-up-medium-xl-dek&quot; is absent on page (/specs/demoPage.spec:311)
  - &quot;one-up-medium-with-quote-person-name&quot; is absent on page (/specs/demoPage.spec:314)
  - &quot;one-up-medium-with-quote-dek&quot; is absent on page (/specs/demoPage.spec:317)
  - &quot;one-up-medium-with-quote-dek&quot; is absent on page (/specs/demoPage.spec:318)
">
      <![CDATA[com.galenframework.support.LayoutValidationException: /specs/demoPage.spec, tags: [mobile]
  - "global-header" is absent on page (/specs/demoPage.spec:232)
  - Cannot find locator for "global-footer-main.mck-logo-icon" in page spec (/specs/demoPage.spec:235)
  - Cannot find locator for "global-footer-main.mck-logo-icon" in page spec (/specs/demoPage.spec:236)
  - "global-footer-main.main-section" is absent on page (/specs/demoPage.spec:239)
  - "global-footer-main.main-section" is absent on page (/specs/demoPage.spec:240)
  - "utility-links" is absent on page (/specs/demoPage.spec:243)
  - "footer-section" is absent on page (/specs/demoPage.spec:246)
  - "footer-section.app-store" is absent on page (/specs/demoPage.spec:249)
  - "multimedia-hero" is absent on page (/specs/demoPage.spec:252)
  - "up-medium-hero" is absent on page (/specs/demoPage.spec:255)
  - "up-medium-quote-up-right" is absent on page (/specs/demoPage.spec:258)
  - "two-up-medium" is absent on page (/specs/demoPage.spec:261)
  - "three-up-enhanced" is absent on page (/specs/demoPage.spec:264)
  - "one-up-medium-up-left-desc" is absent on page (/specs/demoPage.spec:267)
  - "eyebrow" is absent on page (/specs/demoPage.spec:270)
  - "headline" is absent on page (/specs/demoPage.spec:273)
  - "dek" is absent on page (/specs/demoPage.spec:276)
  - "cta" is absent on page (/specs/demoPage.spec:279)
  - "one-up-medium-with-hero-headline" is absent on page (/specs/demoPage.spec:282)
  - "one-up-medium-with-hero-headline" is absent on page (/specs/demoPage.spec:283)
  - "one-up-medium-with-hero-dek" is absent on page (/specs/demoPage.spec:286)
  - "one-up-medium-with-hero-dek" is absent on page (/specs/demoPage.spec:287)
  - "three-up-enhanced-l-headline" is absent on page (/specs/demoPage.spec:290)
  - "three-up-enhanced-l-headline" is absent on page (/specs/demoPage.spec:291)
  - "three-up-enhanced-m-headline" is absent on page (/specs/demoPage.spec:294)
  - "three-up-enhanced-m-headline" is absent on page (/specs/demoPage.spec:295)
  - "three-up-enhanced-m-dek" is absent on page (/specs/demoPage.spec:298)
  - "three-up-enhanced-m-dek" is absent on page (/specs/demoPage.spec:299)
  - "three-up-enhanced-s-headline" is absent on page (/specs/demoPage.spec:302)
  - "three-up-enhanced-s-headline" is absent on page (/specs/demoPage.spec:303)
  - "two-up-medium-xl-header" is absent on page (/specs/demoPage.spec:306)
  - "two-up-medium-xl-header" is absent on page (/specs/demoPage.spec:307)
  - "two-up-medium-xl-dek" is absent on page (/specs/demoPage.spec:310)
  - "two-up-medium-xl-dek" is absent on page (/specs/demoPage.spec:311)
  - "one-up-medium-with-quote-person-name" is absent on page (/specs/demoPage.spec:314)
  - "one-up-medium-with-quote-dek" is absent on page (/specs/demoPage.spec:317)
  - "one-up-medium-with-quote-dek" is absent on page (/specs/demoPage.spec:318)

	at com.galenframework.support.GalenJavaTestBase.checkLayout(GalenJavaTestBase.java:129)
	at com.galenframework.support.GalenJavaTestBase.checkLayout(GalenJavaTestBase.java:111)
	at com.mckinsey.galenframework.tests.SampleTest.sampleTestOnMobile(SampleTest.java:32)
	at sun.reflect.NativeMethodAccessorImpl.invoke0(Native Method)
	at sun.reflect.NativeMethodAccessorImpl.invoke(Unknown Source)
	at sun.reflect.DelegatingMethodAccessorImpl.invoke(Unknown Source)
	at java.lang.reflect.Method.invoke(Unknown Source)
	at org.testng.internal.MethodInvocationHelper.invokeMethod(MethodInvocationHelper.java:80)
	at org.testng.internal.Invoker.invokeMethod(Invoker.java:715)
	at org.testng.internal.Invoker.invokeTestMethod(Invoker.java:907)
	at org.testng.internal.Invoker.invokeTestMethods(Invoker.java:1237)
	at org.testng.internal.TestMethodWorker.invokeTestMethods(TestMethodWorker.java:127)
	at org.testng.internal.TestMethodWorker.run(TestMethodWorker.java:111)
	at org.testng.TestRunner.privateRun(TestRunner.java:767)
	at org.testng.TestRunner.run(TestRunner.java:617)
	at org.testng.SuiteRunner.runTest(SuiteRunner.java:334)
	at org.testng.SuiteRunner.runSequentially(SuiteRunner.java:329)
	at org.testng.SuiteRunner.privateRun(SuiteRunner.java:291)
	at org.testng.SuiteRunner.run(SuiteRunner.java:240)
	at org.testng.SuiteRunnerWorker.runSuite(SuiteRunnerWorker.java:51)
	at org.testng.SuiteRunnerWorker.run(SuiteRunnerWorker.java:85)
	at org.testng.TestNG.runSuitesSequentially(TestNG.java:1197)
	at org.testng.TestNG.runSuitesLocally(TestNG.java:1122)
	at org.testng.TestNG.run(TestNG.java:1030)
	at org.testng.remote.AbstractRemoteTestNG.run(AbstractRemoteTestNG.java:132)
	at org.testng.remote.RemoteTestNG.initAndRun(RemoteTestNG.java:230)
	at org.testng.remote.RemoteTestNG.main(RemoteTestNG.java:76)
]]>
    </failure>
  </testcase> <!-- sampleTestOnMobile -->
  <testcase name="sampleTestOnTablet" time="24.891" classname="com.mckinsey.galenframework.tests.SampleTest">
    <failure type="org.openqa.selenium.NoSuchWindowException" message="no such window: target window already closed
from unknown error: web view not found
  (Session info: chrome=66.0.3359.170)
  (Driver info: chromedriver=2.33.506120 (e3e53437346286c0bc2d2dc9aa4915ba81d9023f),platform=Windows NT 10.0.14393 x86_64) (WARNING: The server did not provide any stacktrace information)
Command duration or timeout: 6 milliseconds
Build info: version: &#039;2.53.1&#039;, revision: &#039;a36b8b1cd5757287168e54b817830adce9b0158d&#039;, time: &#039;2016-06-30 19:26:09&#039;
System info: host: &#039;GGN000137585002&#039;, ip: &#039;172.30.246.142&#039;, os.name: &#039;Windows 10&#039;, os.arch: &#039;amd64&#039;, os.version: &#039;10.0&#039;, java.version: &#039;1.8.0_121&#039;
Driver info: org.openqa.selenium.chrome.ChromeDriver
Capabilities [{applicationCacheEnabled=false, rotatable=false, mobileEmulationEnabled=false, networkConnectionEnabled=false, chrome={chromedriverVersion=2.33.506120 (e3e53437346286c0bc2d2dc9aa4915ba81d9023f), userDataDir=C:\Users\GAURAV~1\AppData\Local\Temp\scoped_dir7352_10648}, takesHeapSnapshot=true, pageLoadStrategy=normal, databaseEnabled=false, handlesAlerts=true, hasTouchScreen=false, version=66.0.3359.170, platform=XP, browserConnectionEnabled=false, nativeEvents=true, acceptSslCerts=true, locationContextEnabled=true, webStorageEnabled=true, browserName=chrome, takesScreenshot=true, javascriptEnabled=true, cssSelectorsEnabled=true, setWindowRect=true, unexpectedAlertBehaviour=}]
Session ID: 6b47cf4f7da3ccc2a37013c5a795d50e
*** Element info: {Using=css selector, value=#form1&gt;header}">
      <![CDATA[org.openqa.selenium.NoSuchWindowException: no such window: target window already closed
from unknown error: web view not found
  (Session info: chrome=66.0.3359.170)
  (Driver info: chromedriver=2.33.506120 (e3e53437346286c0bc2d2dc9aa4915ba81d9023f),platform=Windows NT 10.0.14393 x86_64) (WARNING: The server did not provide any stacktrace information)
Command duration or timeout: 6 milliseconds
Build info: version: '2.53.1', revision: 'a36b8b1cd5757287168e54b817830adce9b0158d', time: '2016-06-30 19:26:09'
System info: host: 'GGN000137585002', ip: '172.30.246.142', os.name: 'Windows 10', os.arch: 'amd64', os.version: '10.0', java.version: '1.8.0_121'
Driver info: org.openqa.selenium.chrome.ChromeDriver
Capabilities [{applicationCacheEnabled=false, rotatable=false, mobileEmulationEnabled=false, networkConnectionEnabled=false, chrome={chromedriverVersion=2.33.506120 (e3e53437346286c0bc2d2dc9aa4915ba81d9023f), userDataDir=C:\Users\GAURAV~1\AppData\Local\Temp\scoped_dir7352_10648}, takesHeapSnapshot=true, pageLoadStrategy=normal, databaseEnabled=false, handlesAlerts=true, hasTouchScreen=false, version=66.0.3359.170, platform=XP, browserConnectionEnabled=false, nativeEvents=true, acceptSslCerts=true, locationContextEnabled=true, webStorageEnabled=true, browserName=chrome, takesScreenshot=true, javascriptEnabled=true, cssSelectorsEnabled=true, setWindowRect=true, unexpectedAlertBehaviour=}]
Session ID: 6b47cf4f7da3ccc2a37013c5a795d50e
*** Element info: {Using=css selector, value=#form1>header}
	at sun.reflect.NativeConstructorAccessorImpl.newInstance0(Native Method)
	at sun.reflect.NativeConstructorAccessorImpl.newInstance(Unknown Source)
	at sun.reflect.DelegatingConstructorAccessorImpl.newInstance(Unknown Source)
	at java.lang.reflect.Constructor.newInstance(Unknown Source)
	at org.openqa.selenium.remote.ErrorHandler.createThrowable(ErrorHandler.java:206)
	at org.openqa.selenium.remote.ErrorHandler.throwIfResponseFailed(ErrorHandler.java:158)
	at org.openqa.selenium.remote.RemoteWebDriver.execute(RemoteWebDriver.java:678)
	at org.openqa.selenium.remote.RemoteWebDriver.findElements(RemoteWebDriver.java:388)
	at org.openqa.selenium.remote.RemoteWebDriver.findElementsByCssSelector(RemoteWebDriver.java:496)
	at org.openqa.selenium.By$ByCssSelector.findElements(By.java:441)
	at org.openqa.selenium.remote.RemoteWebDriver.findElements(RemoteWebDriver.java:351)
	at com.galenframework.page.selenium.ByChain.findElement(ByChain.java:63)
	at com.galenframework.page.selenium.SeleniumPage.driverFindElement(SeleniumPage.java:115)
	at com.galenframework.page.selenium.SeleniumPage.locatorToElement(SeleniumPage.java:123)
	at com.galenframework.page.selenium.SeleniumPage.getObject(SeleniumPage.java:89)
	at com.galenframework.page.selenium.SeleniumPage.getObject(SeleniumPage.java:98)
	at com.galenframework.validation.PageValidation.findPageElement(PageValidation.java:88)
	at com.galenframework.validation.specs.SpecValidationGeneral.check(SpecValidationGeneral.java:39)
	at com.galenframework.validation.specs.SpecValidationInside.check(SpecValidationInside.java:37)
	at com.galenframework.validation.specs.SpecValidationInside.check(SpecValidationInside.java:32)
	at com.galenframework.validation.PageValidation.check(PageValidation.java:70)
	at com.galenframework.validation.PageValidation.check(PageValidation.java:60)
	at com.galenframework.validation.SectionValidation.checkObject(SectionValidation.java:165)
	at com.galenframework.validation.SectionValidation.checkObjects(SectionValidation.java:75)
	at com.galenframework.validation.SectionValidation.checkSection(SectionValidation.java:109)
	at com.galenframework.validation.SectionValidation.checkPageSection(SectionValidation.java:54)
	at com.galenframework.validation.SectionValidation.check(SectionValidation.java:47)
	at com.galenframework.api.Galen.checkLayoutForPage(Galen.java:113)
	at com.galenframework.api.Galen.checkLayout(Galen.java:86)
	at com.galenframework.api.Galen.checkLayout(Galen.java:69)
	at com.galenframework.api.Galen.checkLayout(Galen.java:59)
	at com.galenframework.api.Galen.checkLayout(Galen.java:52)
	at com.galenframework.api.Galen.checkLayout(Galen.java:141)
	at com.galenframework.support.GalenJavaTestBase.checkLayout(GalenJavaTestBase.java:125)
	at com.galenframework.support.GalenJavaTestBase.checkLayout(GalenJavaTestBase.java:111)
	at com.mckinsey.galenframework.tests.SampleTest.sampleTestOnTablet(SampleTest.java:26)
	at sun.reflect.NativeMethodAccessorImpl.invoke0(Native Method)
	at sun.reflect.NativeMethodAccessorImpl.invoke(Unknown Source)
	at sun.reflect.DelegatingMethodAccessorImpl.invoke(Unknown Source)
	at java.lang.reflect.Method.invoke(Unknown Source)
	at org.testng.internal.MethodInvocationHelper.invokeMethod(MethodInvocationHelper.java:80)
	at org.testng.internal.Invoker.invokeMethod(Invoker.java:715)
	at org.testng.internal.Invoker.invokeTestMethod(Invoker.java:907)
	at org.testng.internal.Invoker.invokeTestMethods(Invoker.java:1237)
	at org.testng.internal.TestMethodWorker.invokeTestMethods(TestMethodWorker.java:127)
	at org.testng.internal.TestMethodWorker.run(TestMethodWorker.java:111)
	at org.testng.TestRunner.privateRun(TestRunner.java:767)
	at org.testng.TestRunner.run(TestRunner.java:617)
	at org.testng.SuiteRunner.runTest(SuiteRunner.java:334)
	at org.testng.SuiteRunner.runSequentially(SuiteRunner.java:329)
	at org.testng.SuiteRunner.privateRun(SuiteRunner.java:291)
	at org.testng.SuiteRunner.run(SuiteRunner.java:240)
	at org.testng.SuiteRunnerWorker.runSuite(SuiteRunnerWorker.java:51)
	at org.testng.SuiteRunnerWorker.run(SuiteRunnerWorker.java:85)
	at org.testng.TestNG.runSuitesSequentially(TestNG.java:1197)
	at org.testng.TestNG.runSuitesLocally(TestNG.java:1122)
	at org.testng.TestNG.run(TestNG.java:1030)
	at org.testng.remote.AbstractRemoteTestNG.run(AbstractRemoteTestNG.java:132)
	at org.testng.remote.RemoteTestNG.initAndRun(RemoteTestNG.java:230)
	at org.testng.remote.RemoteTestNG.main(RemoteTestNG.java:76)
]]>
    </failure>
  </testcase> <!-- sampleTestOnTablet -->
</testsuite> <!-- com.mckinsey.galenframework.tests.SampleTest -->
