<?xml version="1.0" encoding="UTF-8"?>
<!-- Generated by org.testng.reporters.JUnitXMLReporter -->
<testsuite hostname="GGN000137585002" name="LayoutTest" tests="92" failures="0" timestamp="1 Dec 2017 07:12:02 GMT" time="8.802" errors="0">
  <testcase name="@BeforeMethod initDriver" time="0.0" classname="com.mckinsey.galenframework.tests.HomePageTest">
    <failure type="org.openqa.selenium.WebDriverException" message="disconnected: unable to connect to renderer
  (Session info: chrome=62.0.3202.94)
  (Driver info: chromedriver=2.32.498550 (9dec58e66c31bcc53a9ce3c7226f0c1c5810906a),platform=Windows NT 10.0.14393 x86_64) (WARNING: The server did not provide any stacktrace information)
Command duration or timeout: 2.03 seconds
Build info: version: &amp;apos;2.53.1&amp;apos;, revision: &amp;apos;a36b8b1cd5757287168e54b817830adce9b0158d&amp;apos;, time: &amp;apos;2016-06-30 19:26:09&amp;apos;
System info: host: &amp;apos;GGN000137585002&amp;apos;, ip: &amp;apos;172.17.224.208&amp;apos;, os.name: &amp;apos;Windows 10&amp;apos;, os.arch: &amp;apos;amd64&amp;apos;, os.version: &amp;apos;10.0&amp;apos;, java.version: &amp;apos;1.8.0_121&amp;apos;
Driver info: org.openqa.selenium.chrome.ChromeDriver
Capabilities [{applicationCacheEnabled=false, rotatable=false, mobileEmulationEnabled=false, networkConnectionEnabled=false, chrome={chromedriverVersion=2.32.498550 (9dec58e66c31bcc53a9ce3c7226f0c1c5810906a), userDataDir=C:\Users\GAURAV~1\AppData\Local\Temp\scoped_dir14416_17803}, takesHeapSnapshot=true, pageLoadStrategy=normal, databaseEnabled=false, handlesAlerts=true, hasTouchScreen=false, version=62.0.3202.94, platform=XP, browserConnectionEnabled=false, nativeEvents=true, acceptSslCerts=true, locationContextEnabled=true, webStorageEnabled=true, browserName=chrome, takesScreenshot=true, javascriptEnabled=true, cssSelectorsEnabled=true, setWindowRect=true, unexpectedAlertBehaviour=}]
Session ID: 08120e2db79352815e1d7cb43f7dae48">
      <![CDATA[org.openqa.selenium.WebDriverException: disconnected: unable to connect to renderer
  (Session info: chrome=62.0.3202.94)
  (Driver info: chromedriver=2.32.498550 (9dec58e66c31bcc53a9ce3c7226f0c1c5810906a),platform=Windows NT 10.0.14393 x86_64) (WARNING: The server did not provide any stacktrace information)
Command duration or timeout: 2.03 seconds
Build info: version: '2.53.1', revision: 'a36b8b1cd5757287168e54b817830adce9b0158d', time: '2016-06-30 19:26:09'
System info: host: 'GGN000137585002', ip: '172.17.224.208', os.name: 'Windows 10', os.arch: 'amd64', os.version: '10.0', java.version: '1.8.0_121'
Driver info: org.openqa.selenium.chrome.ChromeDriver
Capabilities [{applicationCacheEnabled=false, rotatable=false, mobileEmulationEnabled=false, networkConnectionEnabled=false, chrome={chromedriverVersion=2.32.498550 (9dec58e66c31bcc53a9ce3c7226f0c1c5810906a), userDataDir=C:\Users\GAURAV~1\AppData\Local\Temp\scoped_dir14416_17803}, takesHeapSnapshot=true, pageLoadStrategy=normal, databaseEnabled=false, handlesAlerts=true, hasTouchScreen=false, version=62.0.3202.94, platform=XP, browserConnectionEnabled=false, nativeEvents=true, acceptSslCerts=true, locationContextEnabled=true, webStorageEnabled=true, browserName=chrome, takesScreenshot=true, javascriptEnabled=true, cssSelectorsEnabled=true, setWindowRect=true, unexpectedAlertBehaviour=}]
Session ID: 08120e2db79352815e1d7cb43f7dae48
	at org.openqa.selenium.remote.ErrorHandler.createThrowable(ErrorHandler.java:206)
	at org.openqa.selenium.remote.ErrorHandler.throwIfResponseFailed(ErrorHandler.java:158)
	at org.openqa.selenium.remote.RemoteWebDriver.execute(RemoteWebDriver.java:678)
	at org.openqa.selenium.remote.RemoteWebDriver$RemoteWebDriverOptions$RemoteWindow.setSize(RemoteWebDriver.java:891)
	at com.mckinsey.galenframework.components.TestBase.createDriver(TestBase.java:59)
	at com.galenframework.support.GalenJavaTestBase.initDriver(GalenJavaTestBase.java:139)
	at com.galenframework.testng.GalenTestNgTestBase.initDriver(GalenTestNgTestBase.java:49)
... Removed 30 stack frames]]>
    </failure>
  </testcase> <!-- @BeforeMethod initDriver -->
  <testcase name="@BeforeMethod initReport" time="0.0" classname="com.mckinsey.galenframework.tests.HomePageTest">
    <skipped/>
  </testcase> <!-- @BeforeMethod initReport -->
  <testcase name="@AfterMethod provideTestEndDate" time="0.0" classname="com.mckinsey.galenframework.tests.HomePageTest">
    <skipped/>
  </testcase> <!-- @AfterMethod provideTestEndDate -->
  <testcase name="@AfterMethod quitDriver" time="0.0" classname="com.mckinsey.galenframework.tests.HomePageTest">
    <failure type="java.lang.RuntimeException" message="The driver is not instantiated yet">
      <![CDATA[java.lang.RuntimeException: The driver is not instantiated yet
	at com.galenframework.support.GalenJavaTestBase.getDriver(GalenJavaTestBase.java:163)
	at com.galenframework.support.GalenJavaTestBase.quitDriver(GalenJavaTestBase.java:152)
	at com.galenframework.testng.GalenTestNgTestBase.quitDriver(GalenTestNgTestBase.java:57)
... Removed 26 stack frames]]>
    </failure>
  </testcase> <!-- @AfterMethod quitDriver -->
  <testcase name="@BeforeMethod initDriver" time="0.0" classname="com.mckinsey.galenframework.tests.HomePageTest">
    <skipped/>
  </testcase> <!-- @BeforeMethod initDriver -->
  <testcase name="@BeforeMethod initReport" time="0.0" classname="com.mckinsey.galenframework.tests.HomePageTest">
    <skipped/>
  </testcase> <!-- @BeforeMethod initReport -->
  <testcase name="@AfterMethod provideTestEndDate" time="0.0" classname="com.mckinsey.galenframework.tests.HomePageTest">
    <skipped/>
  </testcase> <!-- @AfterMethod provideTestEndDate -->
  <testcase name="@AfterMethod quitDriver" time="0.0" classname="com.mckinsey.galenframework.tests.HomePageTest">
    <failure type="java.lang.RuntimeException" message="The driver is not instantiated yet">
      <![CDATA[java.lang.RuntimeException: The driver is not instantiated yet
	at com.galenframework.support.GalenJavaTestBase.getDriver(GalenJavaTestBase.java:163)
	at com.galenframework.support.GalenJavaTestBase.quitDriver(GalenJavaTestBase.java:152)
	at com.galenframework.testng.GalenTestNgTestBase.quitDriver(GalenTestNgTestBase.java:57)
... Removed 26 stack frames]]>
    </failure>
  </testcase> <!-- @AfterMethod quitDriver -->
  <testcase name="@BeforeMethod initDriver" time="0.0" classname="com.mckinsey.galenframework.tests.HomePageTest">
    <skipped/>
  </testcase> <!-- @BeforeMethod initDriver -->
  <testcase name="@BeforeMethod initReport" time="0.0" classname="com.mckinsey.galenframework.tests.HomePageTest">
    <skipped/>
  </testcase> <!-- @BeforeMethod initReport -->
  <testcase name="@AfterMethod provideTestEndDate" time="0.0" classname="com.mckinsey.galenframework.tests.HomePageTest">
    <skipped/>
  </testcase> <!-- @AfterMethod provideTestEndDate -->
  <testcase name="@AfterMethod quitDriver" time="0.0" classname="com.mckinsey.galenframework.tests.HomePageTest">
    <failure type="java.lang.RuntimeException" message="The driver is not instantiated yet">
      <![CDATA[java.lang.RuntimeException: The driver is not instantiated yet
	at com.galenframework.support.GalenJavaTestBase.getDriver(GalenJavaTestBase.java:163)
	at com.galenframework.support.GalenJavaTestBase.quitDriver(GalenJavaTestBase.java:152)
	at com.galenframework.testng.GalenTestNgTestBase.quitDriver(GalenTestNgTestBase.java:57)
... Removed 26 stack frames]]>
    </failure>
  </testcase> <!-- @AfterMethod quitDriver -->
  <testcase name="@BeforeMethod initDriver" time="0.0" classname="com.mckinsey.galenframework.tests.CareersSearchPageTest">
    <skipped/>
  </testcase> <!-- @BeforeMethod initDriver -->
  <testcase name="@BeforeMethod initReport" time="0.0" classname="com.mckinsey.galenframework.tests.CareersSearchPageTest">
    <skipped/>
  </testcase> <!-- @BeforeMethod initReport -->
  <testcase name="@AfterMethod provideTestEndDate" time="0.0" classname="com.mckinsey.galenframework.tests.CareersSearchPageTest">
    <skipped/>
  </testcase> <!-- @AfterMethod provideTestEndDate -->
  <testcase name="@AfterMethod quitDriver" time="0.0" classname="com.mckinsey.galenframework.tests.CareersSearchPageTest">
    <failure type="java.lang.RuntimeException" message="The driver is not instantiated yet">
      <![CDATA[java.lang.RuntimeException: The driver is not instantiated yet
	at com.galenframework.support.GalenJavaTestBase.getDriver(GalenJavaTestBase.java:163)
	at com.galenframework.support.GalenJavaTestBase.quitDriver(GalenJavaTestBase.java:152)
	at com.galenframework.testng.GalenTestNgTestBase.quitDriver(GalenTestNgTestBase.java:57)
... Removed 26 stack frames]]>
    </failure>
  </testcase> <!-- @AfterMethod quitDriver -->
  <testcase name="@BeforeMethod initDriver" time="0.0" classname="com.mckinsey.galenframework.tests.CareersSearchPageTest">
    <skipped/>
  </testcase> <!-- @BeforeMethod initDriver -->
  <testcase name="@BeforeMethod initReport" time="0.0" classname="com.mckinsey.galenframework.tests.CareersSearchPageTest">
    <skipped/>
  </testcase> <!-- @BeforeMethod initReport -->
  <testcase name="@AfterMethod provideTestEndDate" time="0.0" classname="com.mckinsey.galenframework.tests.CareersSearchPageTest">
    <skipped/>
  </testcase> <!-- @AfterMethod provideTestEndDate -->
  <testcase name="@AfterMethod quitDriver" time="0.0" classname="com.mckinsey.galenframework.tests.CareersSearchPageTest">
    <failure type="java.lang.RuntimeException" message="The driver is not instantiated yet">
      <![CDATA[java.lang.RuntimeException: The driver is not instantiated yet
	at com.galenframework.support.GalenJavaTestBase.getDriver(GalenJavaTestBase.java:163)
	at com.galenframework.support.GalenJavaTestBase.quitDriver(GalenJavaTestBase.java:152)
	at com.galenframework.testng.GalenTestNgTestBase.quitDriver(GalenTestNgTestBase.java:57)
... Removed 26 stack frames]]>
    </failure>
  </testcase> <!-- @AfterMethod quitDriver -->
  <testcase name="@BeforeMethod initDriver" time="0.0" classname="com.mckinsey.galenframework.tests.CareersSearchPageTest">
    <skipped/>
  </testcase> <!-- @BeforeMethod initDriver -->
  <testcase name="@BeforeMethod initReport" time="0.0" classname="com.mckinsey.galenframework.tests.CareersSearchPageTest">
    <skipped/>
  </testcase> <!-- @BeforeMethod initReport -->
  <testcase name="@AfterMethod provideTestEndDate" time="0.0" classname="com.mckinsey.galenframework.tests.CareersSearchPageTest">
    <skipped/>
  </testcase> <!-- @AfterMethod provideTestEndDate -->
  <testcase name="@AfterMethod quitDriver" time="0.0" classname="com.mckinsey.galenframework.tests.CareersSearchPageTest">
    <failure type="java.lang.RuntimeException" message="The driver is not instantiated yet">
      <![CDATA[java.lang.RuntimeException: The driver is not instantiated yet
	at com.galenframework.support.GalenJavaTestBase.getDriver(GalenJavaTestBase.java:163)
	at com.galenframework.support.GalenJavaTestBase.quitDriver(GalenJavaTestBase.java:152)
	at com.galenframework.testng.GalenTestNgTestBase.quitDriver(GalenTestNgTestBase.java:57)
... Removed 26 stack frames]]>
    </failure>
  </testcase> <!-- @AfterMethod quitDriver -->
  <testcase name="@BeforeMethod initDriver" time="0.0" classname="com.mckinsey.galenframework.tests.CareersHomePageTest">
    <skipped/>
  </testcase> <!-- @BeforeMethod initDriver -->
  <testcase name="@BeforeMethod initReport" time="0.0" classname="com.mckinsey.galenframework.tests.CareersHomePageTest">
    <skipped/>
  </testcase> <!-- @BeforeMethod initReport -->
  <testcase name="@AfterMethod provideTestEndDate" time="0.0" classname="com.mckinsey.galenframework.tests.CareersHomePageTest">
    <skipped/>
  </testcase> <!-- @AfterMethod provideTestEndDate -->
  <testcase name="@AfterMethod quitDriver" time="0.0" classname="com.mckinsey.galenframework.tests.CareersHomePageTest">
    <failure type="java.lang.RuntimeException" message="The driver is not instantiated yet">
      <![CDATA[java.lang.RuntimeException: The driver is not instantiated yet
	at com.galenframework.support.GalenJavaTestBase.getDriver(GalenJavaTestBase.java:163)
	at com.galenframework.support.GalenJavaTestBase.quitDriver(GalenJavaTestBase.java:152)
	at com.galenframework.testng.GalenTestNgTestBase.quitDriver(GalenTestNgTestBase.java:57)
... Removed 26 stack frames]]>
    </failure>
  </testcase> <!-- @AfterMethod quitDriver -->
  <testcase name="@BeforeMethod initDriver" time="0.0" classname="com.mckinsey.galenframework.tests.CareersHomePageTest">
    <skipped/>
  </testcase> <!-- @BeforeMethod initDriver -->
  <testcase name="@BeforeMethod initReport" time="0.0" classname="com.mckinsey.galenframework.tests.CareersHomePageTest">
    <skipped/>
  </testcase> <!-- @BeforeMethod initReport -->
  <testcase name="@AfterMethod provideTestEndDate" time="0.0" classname="com.mckinsey.galenframework.tests.CareersHomePageTest">
    <skipped/>
  </testcase> <!-- @AfterMethod provideTestEndDate -->
  <testcase name="@AfterMethod quitDriver" time="0.0" classname="com.mckinsey.galenframework.tests.CareersHomePageTest">
    <failure type="java.lang.RuntimeException" message="The driver is not instantiated yet">
      <![CDATA[java.lang.RuntimeException: The driver is not instantiated yet
	at com.galenframework.support.GalenJavaTestBase.getDriver(GalenJavaTestBase.java:163)
	at com.galenframework.support.GalenJavaTestBase.quitDriver(GalenJavaTestBase.java:152)
	at com.galenframework.testng.GalenTestNgTestBase.quitDriver(GalenTestNgTestBase.java:57)
... Removed 26 stack frames]]>
    </failure>
  </testcase> <!-- @AfterMethod quitDriver -->
  <testcase name="@BeforeMethod initDriver" time="0.0" classname="com.mckinsey.galenframework.tests.CareersHomePageTest">
    <skipped/>
  </testcase> <!-- @BeforeMethod initDriver -->
  <testcase name="@BeforeMethod initReport" time="0.0" classname="com.mckinsey.galenframework.tests.CareersHomePageTest">
    <skipped/>
  </testcase> <!-- @BeforeMethod initReport -->
  <testcase name="@AfterMethod provideTestEndDate" time="0.0" classname="com.mckinsey.galenframework.tests.CareersHomePageTest">
    <skipped/>
  </testcase> <!-- @AfterMethod provideTestEndDate -->
  <testcase name="@AfterMethod quitDriver" time="0.0" classname="com.mckinsey.galenframework.tests.CareersHomePageTest">
    <failure type="java.lang.RuntimeException" message="The driver is not instantiated yet">
      <![CDATA[java.lang.RuntimeException: The driver is not instantiated yet
	at com.galenframework.support.GalenJavaTestBase.getDriver(GalenJavaTestBase.java:163)
	at com.galenframework.support.GalenJavaTestBase.quitDriver(GalenJavaTestBase.java:152)
	at com.galenframework.testng.GalenTestNgTestBase.quitDriver(GalenTestNgTestBase.java:57)
... Removed 26 stack frames]]>
    </failure>
  </testcase> <!-- @AfterMethod quitDriver -->
  <testcase name="@BeforeMethod initDriver" time="0.0" classname="com.mckinsey.galenframework.tests.MarvinSpacingTest">
    <skipped/>
  </testcase> <!-- @BeforeMethod initDriver -->
  <testcase name="@BeforeMethod initReport" time="0.0" classname="com.mckinsey.galenframework.tests.MarvinSpacingTest">
    <skipped/>
  </testcase> <!-- @BeforeMethod initReport -->
  <testcase name="@AfterMethod provideTestEndDate" time="0.0" classname="com.mckinsey.galenframework.tests.MarvinSpacingTest">
    <skipped/>
  </testcase> <!-- @AfterMethod provideTestEndDate -->
  <testcase name="@AfterMethod quitDriver" time="0.0" classname="com.mckinsey.galenframework.tests.MarvinSpacingTest">
    <failure type="java.lang.RuntimeException" message="The driver is not instantiated yet">
      <![CDATA[java.lang.RuntimeException: The driver is not instantiated yet
	at com.galenframework.support.GalenJavaTestBase.getDriver(GalenJavaTestBase.java:163)
	at com.galenframework.support.GalenJavaTestBase.quitDriver(GalenJavaTestBase.java:152)
	at com.galenframework.testng.GalenTestNgTestBase.quitDriver(GalenTestNgTestBase.java:57)
... Removed 26 stack frames]]>
    </failure>
  </testcase> <!-- @AfterMethod quitDriver -->
  <testcase name="@BeforeMethod initDriver" time="0.0" classname="com.mckinsey.galenframework.tests.MarvinSpacingTest">
    <skipped/>
  </testcase> <!-- @BeforeMethod initDriver -->
  <testcase name="@BeforeMethod initReport" time="0.0" classname="com.mckinsey.galenframework.tests.MarvinSpacingTest">
    <skipped/>
  </testcase> <!-- @BeforeMethod initReport -->
  <testcase name="@AfterMethod provideTestEndDate" time="0.0" classname="com.mckinsey.galenframework.tests.MarvinSpacingTest">
    <skipped/>
  </testcase> <!-- @AfterMethod provideTestEndDate -->
  <testcase name="@AfterMethod quitDriver" time="0.0" classname="com.mckinsey.galenframework.tests.MarvinSpacingTest">
    <failure type="java.lang.RuntimeException" message="The driver is not instantiated yet">
      <![CDATA[java.lang.RuntimeException: The driver is not instantiated yet
	at com.galenframework.support.GalenJavaTestBase.getDriver(GalenJavaTestBase.java:163)
	at com.galenframework.support.GalenJavaTestBase.quitDriver(GalenJavaTestBase.java:152)
	at com.galenframework.testng.GalenTestNgTestBase.quitDriver(GalenTestNgTestBase.java:57)
... Removed 26 stack frames]]>
    </failure>
  </testcase> <!-- @AfterMethod quitDriver -->
  <testcase name="@BeforeMethod initDriver" time="0.0" classname="com.mckinsey.galenframework.tests.MarvinSpacingTest">
    <skipped/>
  </testcase> <!-- @BeforeMethod initDriver -->
  <testcase name="@BeforeMethod initReport" time="0.0" classname="com.mckinsey.galenframework.tests.MarvinSpacingTest">
    <skipped/>
  </testcase> <!-- @BeforeMethod initReport -->
  <testcase name="@AfterMethod provideTestEndDate" time="0.0" classname="com.mckinsey.galenframework.tests.MarvinSpacingTest">
    <skipped/>
  </testcase> <!-- @AfterMethod provideTestEndDate -->
  <testcase name="@AfterMethod quitDriver" time="0.0" classname="com.mckinsey.galenframework.tests.MarvinSpacingTest">
    <failure type="java.lang.RuntimeException" message="The driver is not instantiated yet">
      <![CDATA[java.lang.RuntimeException: The driver is not instantiated yet
	at com.galenframework.support.GalenJavaTestBase.getDriver(GalenJavaTestBase.java:163)
	at com.galenframework.support.GalenJavaTestBase.quitDriver(GalenJavaTestBase.java:152)
	at com.galenframework.testng.GalenTestNgTestBase.quitDriver(GalenTestNgTestBase.java:57)
... Removed 26 stack frames]]>
    </failure>
  </testcase> <!-- @AfterMethod quitDriver -->
  <testcase name="@BeforeMethod initDriver" time="0.0" classname="com.mckinsey.galenframework.tests.MarvinSpacingTest">
    <skipped/>
  </testcase> <!-- @BeforeMethod initDriver -->
  <testcase name="@BeforeMethod initReport" time="0.0" classname="com.mckinsey.galenframework.tests.MarvinSpacingTest">
    <skipped/>
  </testcase> <!-- @BeforeMethod initReport -->
  <testcase name="@AfterMethod provideTestEndDate" time="0.0" classname="com.mckinsey.galenframework.tests.MarvinSpacingTest">
    <skipped/>
  </testcase> <!-- @AfterMethod provideTestEndDate -->
  <testcase name="@AfterMethod quitDriver" time="0.0" classname="com.mckinsey.galenframework.tests.MarvinSpacingTest">
    <failure type="java.lang.RuntimeException" message="The driver is not instantiated yet">
      <![CDATA[java.lang.RuntimeException: The driver is not instantiated yet
	at com.galenframework.support.GalenJavaTestBase.getDriver(GalenJavaTestBase.java:163)
	at com.galenframework.support.GalenJavaTestBase.quitDriver(GalenJavaTestBase.java:152)
	at com.galenframework.testng.GalenTestNgTestBase.quitDriver(GalenTestNgTestBase.java:57)
... Removed 26 stack frames]]>
    </failure>
  </testcase> <!-- @AfterMethod quitDriver -->
  <testcase name="@BeforeMethod initDriver" time="0.0" classname="com.mckinsey.galenframework.tests.MarvinSpacingTest">
    <skipped/>
  </testcase> <!-- @BeforeMethod initDriver -->
  <testcase name="@BeforeMethod initReport" time="0.0" classname="com.mckinsey.galenframework.tests.MarvinSpacingTest">
    <skipped/>
  </testcase> <!-- @BeforeMethod initReport -->
  <testcase name="@AfterMethod provideTestEndDate" time="0.0" classname="com.mckinsey.galenframework.tests.MarvinSpacingTest">
    <skipped/>
  </testcase> <!-- @AfterMethod provideTestEndDate -->
  <testcase name="@AfterMethod quitDriver" time="0.0" classname="com.mckinsey.galenframework.tests.MarvinSpacingTest">
    <failure type="java.lang.RuntimeException" message="The driver is not instantiated yet">
      <![CDATA[java.lang.RuntimeException: The driver is not instantiated yet
	at com.galenframework.support.GalenJavaTestBase.getDriver(GalenJavaTestBase.java:163)
	at com.galenframework.support.GalenJavaTestBase.quitDriver(GalenJavaTestBase.java:152)
	at com.galenframework.testng.GalenTestNgTestBase.quitDriver(GalenTestNgTestBase.java:57)
... Removed 26 stack frames]]>
    </failure>
  </testcase> <!-- @AfterMethod quitDriver -->
  <testcase name="@BeforeMethod initDriver" time="0.0" classname="com.mckinsey.galenframework.tests.MarvinSpacingTest">
    <skipped/>
  </testcase> <!-- @BeforeMethod initDriver -->
  <testcase name="@BeforeMethod initReport" time="0.0" classname="com.mckinsey.galenframework.tests.MarvinSpacingTest">
    <skipped/>
  </testcase> <!-- @BeforeMethod initReport -->
  <testcase name="@AfterMethod provideTestEndDate" time="0.0" classname="com.mckinsey.galenframework.tests.MarvinSpacingTest">
    <skipped/>
  </testcase> <!-- @AfterMethod provideTestEndDate -->
  <testcase name="@AfterMethod quitDriver" time="0.0" classname="com.mckinsey.galenframework.tests.MarvinSpacingTest">
    <failure type="java.lang.RuntimeException" message="The driver is not instantiated yet">
      <![CDATA[java.lang.RuntimeException: The driver is not instantiated yet
	at com.galenframework.support.GalenJavaTestBase.getDriver(GalenJavaTestBase.java:163)
	at com.galenframework.support.GalenJavaTestBase.quitDriver(GalenJavaTestBase.java:152)
	at com.galenframework.testng.GalenTestNgTestBase.quitDriver(GalenTestNgTestBase.java:57)
... Removed 26 stack frames]]>
    </failure>
  </testcase> <!-- @AfterMethod quitDriver -->
  <testcase name="@BeforeMethod initDriver" time="0.0" classname="com.mckinsey.galenframework.tests.MarvinSpacingTest">
    <skipped/>
  </testcase> <!-- @BeforeMethod initDriver -->
  <testcase name="@BeforeMethod initReport" time="0.0" classname="com.mckinsey.galenframework.tests.MarvinSpacingTest">
    <skipped/>
  </testcase> <!-- @BeforeMethod initReport -->
  <testcase name="@AfterMethod provideTestEndDate" time="0.0" classname="com.mckinsey.galenframework.tests.MarvinSpacingTest">
    <skipped/>
  </testcase> <!-- @AfterMethod provideTestEndDate -->
  <testcase name="@AfterMethod quitDriver" time="0.0" classname="com.mckinsey.galenframework.tests.MarvinSpacingTest">
    <failure type="java.lang.RuntimeException" message="The driver is not instantiated yet">
      <![CDATA[java.lang.RuntimeException: The driver is not instantiated yet
	at com.galenframework.support.GalenJavaTestBase.getDriver(GalenJavaTestBase.java:163)
	at com.galenframework.support.GalenJavaTestBase.quitDriver(GalenJavaTestBase.java:152)
	at com.galenframework.testng.GalenTestNgTestBase.quitDriver(GalenTestNgTestBase.java:57)
... Removed 26 stack frames]]>
    </failure>
  </testcase> <!-- @AfterMethod quitDriver -->
  <testcase name="@BeforeMethod initDriver" time="0.0" classname="com.mckinsey.galenframework.tests.MarvinSpacingTest">
    <skipped/>
  </testcase> <!-- @BeforeMethod initDriver -->
  <testcase name="@BeforeMethod initReport" time="0.0" classname="com.mckinsey.galenframework.tests.MarvinSpacingTest">
    <skipped/>
  </testcase> <!-- @BeforeMethod initReport -->
  <testcase name="@AfterMethod provideTestEndDate" time="0.0" classname="com.mckinsey.galenframework.tests.MarvinSpacingTest">
    <skipped/>
  </testcase> <!-- @AfterMethod provideTestEndDate -->
  <testcase name="@AfterMethod quitDriver" time="0.0" classname="com.mckinsey.galenframework.tests.MarvinSpacingTest">
    <failure type="java.lang.RuntimeException" message="The driver is not instantiated yet">
      <![CDATA[java.lang.RuntimeException: The driver is not instantiated yet
	at com.galenframework.support.GalenJavaTestBase.getDriver(GalenJavaTestBase.java:163)
	at com.galenframework.support.GalenJavaTestBase.quitDriver(GalenJavaTestBase.java:152)
	at com.galenframework.testng.GalenTestNgTestBase.quitDriver(GalenTestNgTestBase.java:57)
... Removed 25 stack frames]]>
    </failure>
  </testcase> <!-- @AfterMethod quitDriver -->
  <testcase name="@BeforeMethod initDriver" time="0.0" classname="com.mckinsey.galenframework.tests.MarvinSpacingTest">
    <skipped/>
  </testcase> <!-- @BeforeMethod initDriver -->
  <testcase name="@BeforeMethod initReport" time="0.0" classname="com.mckinsey.galenframework.tests.MarvinSpacingTest">
    <skipped/>
  </testcase> <!-- @BeforeMethod initReport -->
  <testcase name="@AfterMethod provideTestEndDate" time="0.0" classname="com.mckinsey.galenframework.tests.MarvinSpacingTest">
    <skipped/>
  </testcase> <!-- @AfterMethod provideTestEndDate -->
  <testcase name="@AfterMethod quitDriver" time="0.0" classname="com.mckinsey.galenframework.tests.MarvinSpacingTest">
    <failure type="java.lang.RuntimeException" message="The driver is not instantiated yet">
      <![CDATA[java.lang.RuntimeException: The driver is not instantiated yet
	at com.galenframework.support.GalenJavaTestBase.getDriver(GalenJavaTestBase.java:163)
	at com.galenframework.support.GalenJavaTestBase.quitDriver(GalenJavaTestBase.java:152)
	at com.galenframework.testng.GalenTestNgTestBase.quitDriver(GalenTestNgTestBase.java:57)
... Removed 25 stack frames]]>
    </failure>
  </testcase> <!-- @AfterMethod quitDriver -->
  <testcase name="@BeforeMethod initDriver" time="0.0" classname="com.mckinsey.galenframework.tests.MarvinSpacingTest">
    <skipped/>
  </testcase> <!-- @BeforeMethod initDriver -->
  <testcase name="@BeforeMethod initReport" time="0.0" classname="com.mckinsey.galenframework.tests.MarvinSpacingTest">
    <skipped/>
  </testcase> <!-- @BeforeMethod initReport -->
  <testcase name="@AfterMethod provideTestEndDate" time="0.0" classname="com.mckinsey.galenframework.tests.MarvinSpacingTest">
    <skipped/>
  </testcase> <!-- @AfterMethod provideTestEndDate -->
  <testcase name="@AfterMethod quitDriver" time="0.0" classname="com.mckinsey.galenframework.tests.MarvinSpacingTest">
    <failure type="java.lang.RuntimeException" message="The driver is not instantiated yet">
      <![CDATA[java.lang.RuntimeException: The driver is not instantiated yet
	at com.galenframework.support.GalenJavaTestBase.getDriver(GalenJavaTestBase.java:163)
	at com.galenframework.support.GalenJavaTestBase.quitDriver(GalenJavaTestBase.java:152)
	at com.galenframework.testng.GalenTestNgTestBase.quitDriver(GalenTestNgTestBase.java:57)
... Removed 25 stack frames]]>
    </failure>
  </testcase> <!-- @AfterMethod quitDriver -->
  <testcase name="@BeforeMethod initDriver" time="0.0" classname="com.mckinsey.galenframework.tests.MarvinSpacingTest">
    <skipped/>
  </testcase> <!-- @BeforeMethod initDriver -->
  <testcase name="@BeforeMethod initReport" time="0.0" classname="com.mckinsey.galenframework.tests.MarvinSpacingTest">
    <skipped/>
  </testcase> <!-- @BeforeMethod initReport -->
  <testcase name="@AfterMethod provideTestEndDate" time="0.0" classname="com.mckinsey.galenframework.tests.MarvinSpacingTest">
    <skipped/>
  </testcase> <!-- @AfterMethod provideTestEndDate -->
  <testcase name="@AfterMethod quitDriver" time="0.0" classname="com.mckinsey.galenframework.tests.MarvinSpacingTest">
    <failure type="java.lang.RuntimeException" message="The driver is not instantiated yet">
      <![CDATA[java.lang.RuntimeException: The driver is not instantiated yet
	at com.galenframework.support.GalenJavaTestBase.getDriver(GalenJavaTestBase.java:163)
	at com.galenframework.support.GalenJavaTestBase.quitDriver(GalenJavaTestBase.java:152)
	at com.galenframework.testng.GalenTestNgTestBase.quitDriver(GalenTestNgTestBase.java:57)
... Removed 25 stack frames]]>
    </failure>
  </testcase> <!-- @AfterMethod quitDriver -->
  <testcase name="@BeforeMethod initDriver" time="0.0" classname="com.mckinsey.galenframework.tests.MarvinSpacingTest">
    <skipped/>
  </testcase> <!-- @BeforeMethod initDriver -->
  <testcase name="@BeforeMethod initReport" time="0.0" classname="com.mckinsey.galenframework.tests.MarvinSpacingTest">
    <skipped/>
  </testcase> <!-- @BeforeMethod initReport -->
  <testcase name="@AfterMethod provideTestEndDate" time="0.0" classname="com.mckinsey.galenframework.tests.MarvinSpacingTest">
    <skipped/>
  </testcase> <!-- @AfterMethod provideTestEndDate -->
  <testcase name="@AfterMethod quitDriver" time="0.0" classname="com.mckinsey.galenframework.tests.MarvinSpacingTest">
    <failure type="java.lang.RuntimeException" message="The driver is not instantiated yet">
      <![CDATA[java.lang.RuntimeException: The driver is not instantiated yet
	at com.galenframework.support.GalenJavaTestBase.getDriver(GalenJavaTestBase.java:163)
	at com.galenframework.support.GalenJavaTestBase.quitDriver(GalenJavaTestBase.java:152)
	at com.galenframework.testng.GalenTestNgTestBase.quitDriver(GalenTestNgTestBase.java:57)
... Removed 25 stack frames]]>
    </failure>
  </testcase> <!-- @AfterMethod quitDriver -->
  <testcase name="@BeforeMethod initDriver" time="0.0" classname="com.mckinsey.galenframework.tests.MarvinSpacingTest">
    <skipped/>
  </testcase> <!-- @BeforeMethod initDriver -->
  <testcase name="@BeforeMethod initReport" time="0.0" classname="com.mckinsey.galenframework.tests.MarvinSpacingTest">
    <skipped/>
  </testcase> <!-- @BeforeMethod initReport -->
  <testcase name="@AfterMethod provideTestEndDate" time="0.0" classname="com.mckinsey.galenframework.tests.MarvinSpacingTest">
    <skipped/>
  </testcase> <!-- @AfterMethod provideTestEndDate -->
  <testcase name="@AfterMethod quitDriver" time="0.0" classname="com.mckinsey.galenframework.tests.MarvinSpacingTest">
    <failure type="java.lang.RuntimeException" message="The driver is not instantiated yet">
      <![CDATA[java.lang.RuntimeException: The driver is not instantiated yet
	at com.galenframework.support.GalenJavaTestBase.getDriver(GalenJavaTestBase.java:163)
	at com.galenframework.support.GalenJavaTestBase.quitDriver(GalenJavaTestBase.java:152)
	at com.galenframework.testng.GalenTestNgTestBase.quitDriver(GalenTestNgTestBase.java:57)
... Removed 25 stack frames]]>
    </failure>
  </testcase> <!-- @AfterMethod quitDriver -->
  <testcase name="@BeforeMethod initDriver" time="0.0" classname="com.mckinsey.galenframework.tests.MarvinSpacingTest">
    <skipped/>
  </testcase> <!-- @BeforeMethod initDriver -->
  <testcase name="@BeforeMethod initReport" time="0.0" classname="com.mckinsey.galenframework.tests.MarvinSpacingTest">
    <skipped/>
  </testcase> <!-- @BeforeMethod initReport -->
  <testcase name="@AfterMethod provideTestEndDate" time="0.0" classname="com.mckinsey.galenframework.tests.MarvinSpacingTest">
    <skipped/>
  </testcase> <!-- @AfterMethod provideTestEndDate -->
  <testcase name="@AfterMethod quitDriver" time="0.0" classname="com.mckinsey.galenframework.tests.MarvinSpacingTest">
    <failure type="java.lang.RuntimeException" message="The driver is not instantiated yet">
      <![CDATA[java.lang.RuntimeException: The driver is not instantiated yet
	at com.galenframework.support.GalenJavaTestBase.getDriver(GalenJavaTestBase.java:163)
	at com.galenframework.support.GalenJavaTestBase.quitDriver(GalenJavaTestBase.java:152)
	at com.galenframework.testng.GalenTestNgTestBase.quitDriver(GalenTestNgTestBase.java:57)
... Removed 25 stack frames]]>
    </failure>
  </testcase> <!-- @AfterMethod quitDriver -->
  <testcase name="@BeforeMethod initDriver" time="0.0" classname="com.mckinsey.galenframework.tests.MarvinSpacingTest">
    <skipped/>
  </testcase> <!-- @BeforeMethod initDriver -->
  <testcase name="@BeforeMethod initReport" time="0.0" classname="com.mckinsey.galenframework.tests.MarvinSpacingTest">
    <skipped/>
  </testcase> <!-- @BeforeMethod initReport -->
  <testcase name="@AfterMethod provideTestEndDate" time="0.0" classname="com.mckinsey.galenframework.tests.MarvinSpacingTest">
    <skipped/>
  </testcase> <!-- @AfterMethod provideTestEndDate -->
  <testcase name="@AfterMethod quitDriver" time="0.0" classname="com.mckinsey.galenframework.tests.MarvinSpacingTest">
    <failure type="java.lang.RuntimeException" message="The driver is not instantiated yet">
      <![CDATA[java.lang.RuntimeException: The driver is not instantiated yet
	at com.galenframework.support.GalenJavaTestBase.getDriver(GalenJavaTestBase.java:163)
	at com.galenframework.support.GalenJavaTestBase.quitDriver(GalenJavaTestBase.java:152)
	at com.galenframework.testng.GalenTestNgTestBase.quitDriver(GalenTestNgTestBase.java:57)
... Removed 25 stack frames]]>
    </failure>
  </testcase> <!-- @AfterMethod quitDriver -->
  <testcase name="@BeforeMethod initDriver" time="0.0" classname="com.mckinsey.galenframework.tests.MarvinSpacingTest">
    <skipped/>
  </testcase> <!-- @BeforeMethod initDriver -->
  <testcase name="@BeforeMethod initReport" time="0.0" classname="com.mckinsey.galenframework.tests.MarvinSpacingTest">
    <skipped/>
  </testcase> <!-- @BeforeMethod initReport -->
  <testcase name="@AfterMethod provideTestEndDate" time="0.0" classname="com.mckinsey.galenframework.tests.MarvinSpacingTest">
    <skipped/>
  </testcase> <!-- @AfterMethod provideTestEndDate -->
  <testcase name="@AfterMethod quitDriver" time="0.0" classname="com.mckinsey.galenframework.tests.MarvinSpacingTest">
    <failure type="java.lang.RuntimeException" message="The driver is not instantiated yet">
      <![CDATA[java.lang.RuntimeException: The driver is not instantiated yet
	at com.galenframework.support.GalenJavaTestBase.getDriver(GalenJavaTestBase.java:163)
	at com.galenframework.support.GalenJavaTestBase.quitDriver(GalenJavaTestBase.java:152)
	at com.galenframework.testng.GalenTestNgTestBase.quitDriver(GalenTestNgTestBase.java:57)
... Removed 25 stack frames]]>
    </failure>
  </testcase> <!-- @AfterMethod quitDriver -->
  <testcase name="@BeforeMethod initDriver" time="0.0" classname="com.mckinsey.galenframework.tests.MarvinSpacingTest">
    <skipped/>
  </testcase> <!-- @BeforeMethod initDriver -->
  <testcase name="@BeforeMethod initReport" time="0.0" classname="com.mckinsey.galenframework.tests.MarvinSpacingTest">
    <skipped/>
  </testcase> <!-- @BeforeMethod initReport -->
  <testcase name="@AfterMethod provideTestEndDate" time="0.0" classname="com.mckinsey.galenframework.tests.MarvinSpacingTest">
    <skipped/>
  </testcase> <!-- @AfterMethod provideTestEndDate -->
  <testcase name="@AfterMethod quitDriver" time="0.0" classname="com.mckinsey.galenframework.tests.MarvinSpacingTest">
    <failure type="java.lang.RuntimeException" message="The driver is not instantiated yet">
      <![CDATA[java.lang.RuntimeException: The driver is not instantiated yet
	at com.galenframework.support.GalenJavaTestBase.getDriver(GalenJavaTestBase.java:163)
	at com.galenframework.support.GalenJavaTestBase.quitDriver(GalenJavaTestBase.java:152)
	at com.galenframework.testng.GalenTestNgTestBase.quitDriver(GalenTestNgTestBase.java:57)
... Removed 25 stack frames]]>
    </failure>
  </testcase> <!-- @AfterMethod quitDriver -->
  <testcase name="@BeforeMethod initDriver" time="0.0" classname="com.mckinsey.galenframework.tests.MarvinSpacingTest">
    <skipped/>
  </testcase> <!-- @BeforeMethod initDriver -->
  <testcase name="@BeforeMethod initReport" time="0.0" classname="com.mckinsey.galenframework.tests.MarvinSpacingTest">
    <skipped/>
  </testcase> <!-- @BeforeMethod initReport -->
  <testcase name="@AfterMethod provideTestEndDate" time="0.0" classname="com.mckinsey.galenframework.tests.MarvinSpacingTest">
    <skipped/>
  </testcase> <!-- @AfterMethod provideTestEndDate -->
  <testcase name="@AfterMethod quitDriver" time="0.0" classname="com.mckinsey.galenframework.tests.MarvinSpacingTest">
    <failure type="java.lang.RuntimeException" message="The driver is not instantiated yet">
      <![CDATA[java.lang.RuntimeException: The driver is not instantiated yet
	at com.galenframework.support.GalenJavaTestBase.getDriver(GalenJavaTestBase.java:163)
	at com.galenframework.support.GalenJavaTestBase.quitDriver(GalenJavaTestBase.java:152)
	at com.galenframework.testng.GalenTestNgTestBase.quitDriver(GalenTestNgTestBase.java:57)
... Removed 25 stack frames]]>
    </failure>
  </testcase> <!-- @AfterMethod quitDriver -->
  <testcase name="@BeforeMethod initDriver" time="0.0" classname="com.mckinsey.galenframework.tests.MarvinSpacingTest">
    <skipped/>
  </testcase> <!-- @BeforeMethod initDriver -->
  <testcase name="@BeforeMethod initReport" time="0.0" classname="com.mckinsey.galenframework.tests.MarvinSpacingTest">
    <skipped/>
  </testcase> <!-- @BeforeMethod initReport -->
  <testcase name="@AfterMethod provideTestEndDate" time="0.0" classname="com.mckinsey.galenframework.tests.MarvinSpacingTest">
    <skipped/>
  </testcase> <!-- @AfterMethod provideTestEndDate -->
  <testcase name="@AfterMethod quitDriver" time="0.0" classname="com.mckinsey.galenframework.tests.MarvinSpacingTest">
    <failure type="java.lang.RuntimeException" message="The driver is not instantiated yet">
      <![CDATA[java.lang.RuntimeException: The driver is not instantiated yet
	at com.galenframework.support.GalenJavaTestBase.getDriver(GalenJavaTestBase.java:163)
	at com.galenframework.support.GalenJavaTestBase.quitDriver(GalenJavaTestBase.java:152)
	at com.galenframework.testng.GalenTestNgTestBase.quitDriver(GalenTestNgTestBase.java:57)
... Removed 25 stack frames]]>
    </failure>
  </testcase> <!-- @AfterMethod quitDriver -->
  <testcase name="@BeforeMethod initDriver" time="0.0" classname="com.mckinsey.galenframework.tests.MarvinSpacingTest">
    <skipped/>
  </testcase> <!-- @BeforeMethod initDriver -->
  <testcase name="@BeforeMethod initReport" time="0.0" classname="com.mckinsey.galenframework.tests.MarvinSpacingTest">
    <skipped/>
  </testcase> <!-- @BeforeMethod initReport -->
  <testcase name="@AfterMethod provideTestEndDate" time="0.0" classname="com.mckinsey.galenframework.tests.MarvinSpacingTest">
    <skipped/>
  </testcase> <!-- @AfterMethod provideTestEndDate -->
  <testcase name="@AfterMethod quitDriver" time="0.0" classname="com.mckinsey.galenframework.tests.MarvinSpacingTest">
    <failure type="java.lang.RuntimeException" message="The driver is not instantiated yet">
      <![CDATA[java.lang.RuntimeException: The driver is not instantiated yet
	at com.galenframework.support.GalenJavaTestBase.getDriver(GalenJavaTestBase.java:163)
	at com.galenframework.support.GalenJavaTestBase.quitDriver(GalenJavaTestBase.java:152)
	at com.galenframework.testng.GalenTestNgTestBase.quitDriver(GalenTestNgTestBase.java:57)
... Removed 25 stack frames]]>
    </failure>
  </testcase> <!-- @AfterMethod quitDriver -->
  <testcase name="@BeforeMethod initDriver" time="0.0" classname="com.mckinsey.galenframework.tests.MarvinSpacingTest">
    <skipped/>
  </testcase> <!-- @BeforeMethod initDriver -->
  <testcase name="@BeforeMethod initReport" time="0.0" classname="com.mckinsey.galenframework.tests.MarvinSpacingTest">
    <skipped/>
  </testcase> <!-- @BeforeMethod initReport -->
  <testcase name="@AfterMethod provideTestEndDate" time="0.0" classname="com.mckinsey.galenframework.tests.MarvinSpacingTest">
    <skipped/>
  </testcase> <!-- @AfterMethod provideTestEndDate -->
  <testcase name="@AfterMethod quitDriver" time="0.0" classname="com.mckinsey.galenframework.tests.MarvinSpacingTest">
    <failure type="java.lang.RuntimeException" message="The driver is not instantiated yet">
      <![CDATA[java.lang.RuntimeException: The driver is not instantiated yet
	at com.galenframework.support.GalenJavaTestBase.getDriver(GalenJavaTestBase.java:163)
	at com.galenframework.support.GalenJavaTestBase.quitDriver(GalenJavaTestBase.java:152)
	at com.galenframework.testng.GalenTestNgTestBase.quitDriver(GalenTestNgTestBase.java:57)
... Removed 25 stack frames]]>
    </failure>
  </testcase> <!-- @AfterMethod quitDriver -->
  <testcase name="@BeforeMethod initDriver" time="0.0" classname="com.mckinsey.galenframework.tests.MarvinSpacingTest">
    <skipped/>
  </testcase> <!-- @BeforeMethod initDriver -->
  <testcase name="@BeforeMethod initReport" time="0.0" classname="com.mckinsey.galenframework.tests.MarvinSpacingTest">
    <skipped/>
  </testcase> <!-- @BeforeMethod initReport -->
  <testcase name="@AfterMethod provideTestEndDate" time="0.0" classname="com.mckinsey.galenframework.tests.MarvinSpacingTest">
    <skipped/>
  </testcase> <!-- @AfterMethod provideTestEndDate -->
  <testcase name="@AfterMethod quitDriver" time="0.0" classname="com.mckinsey.galenframework.tests.MarvinSpacingTest">
    <failure type="java.lang.RuntimeException" message="The driver is not instantiated yet">
      <![CDATA[java.lang.RuntimeException: The driver is not instantiated yet
	at com.galenframework.support.GalenJavaTestBase.getDriver(GalenJavaTestBase.java:163)
	at com.galenframework.support.GalenJavaTestBase.quitDriver(GalenJavaTestBase.java:152)
	at com.galenframework.testng.GalenTestNgTestBase.quitDriver(GalenTestNgTestBase.java:57)
... Removed 25 stack frames]]>
    </failure>
  </testcase> <!-- @AfterMethod quitDriver -->
  <testcase name="@BeforeMethod initDriver" time="0.0" classname="com.mckinsey.galenframework.tests.MarvinSpacingTest">
    <skipped/>
  </testcase> <!-- @BeforeMethod initDriver -->
  <testcase name="@BeforeMethod initReport" time="0.0" classname="com.mckinsey.galenframework.tests.MarvinSpacingTest">
    <skipped/>
  </testcase> <!-- @BeforeMethod initReport -->
  <testcase name="@AfterMethod provideTestEndDate" time="0.0" classname="com.mckinsey.galenframework.tests.MarvinSpacingTest">
    <skipped/>
  </testcase> <!-- @AfterMethod provideTestEndDate -->
  <testcase name="@AfterMethod quitDriver" time="0.0" classname="com.mckinsey.galenframework.tests.MarvinSpacingTest">
    <failure type="java.lang.RuntimeException" message="The driver is not instantiated yet">
      <![CDATA[java.lang.RuntimeException: The driver is not instantiated yet
	at com.galenframework.support.GalenJavaTestBase.getDriver(GalenJavaTestBase.java:163)
	at com.galenframework.support.GalenJavaTestBase.quitDriver(GalenJavaTestBase.java:152)
	at com.galenframework.testng.GalenTestNgTestBase.quitDriver(GalenTestNgTestBase.java:57)
... Removed 25 stack frames]]>
    </failure>
  </testcase> <!-- @AfterMethod quitDriver -->
  <testcase name="@BeforeMethod initDriver" time="0.0" classname="com.mckinsey.galenframework.tests.MarvinSpacingTest">
    <skipped/>
  </testcase> <!-- @BeforeMethod initDriver -->
  <testcase name="@BeforeMethod initReport" time="0.0" classname="com.mckinsey.galenframework.tests.MarvinSpacingTest">
    <skipped/>
  </testcase> <!-- @BeforeMethod initReport -->
  <testcase name="@AfterMethod provideTestEndDate" time="0.0" classname="com.mckinsey.galenframework.tests.MarvinSpacingTest">
    <skipped/>
  </testcase> <!-- @AfterMethod provideTestEndDate -->
  <testcase name="@AfterMethod quitDriver" time="0.0" classname="com.mckinsey.galenframework.tests.MarvinSpacingTest">
    <failure type="java.lang.RuntimeException" message="The driver is not instantiated yet">
      <![CDATA[java.lang.RuntimeException: The driver is not instantiated yet
	at com.galenframework.support.GalenJavaTestBase.getDriver(GalenJavaTestBase.java:163)
	at com.galenframework.support.GalenJavaTestBase.quitDriver(GalenJavaTestBase.java:152)
	at com.galenframework.testng.GalenTestNgTestBase.quitDriver(GalenTestNgTestBase.java:57)
... Removed 25 stack frames]]>
    </failure>
  </testcase> <!-- @AfterMethod quitDriver -->
  <testcase name="@BeforeMethod initDriver" time="0.0" classname="com.mckinsey.galenframework.tests.MarvinSpacingTest">
    <skipped/>
  </testcase> <!-- @BeforeMethod initDriver -->
  <testcase name="@BeforeMethod initReport" time="0.0" classname="com.mckinsey.galenframework.tests.MarvinSpacingTest">
    <skipped/>
  </testcase> <!-- @BeforeMethod initReport -->
  <testcase name="@AfterMethod provideTestEndDate" time="0.0" classname="com.mckinsey.galenframework.tests.MarvinSpacingTest">
    <skipped/>
  </testcase> <!-- @AfterMethod provideTestEndDate -->
  <testcase name="@AfterMethod quitDriver" time="0.0" classname="com.mckinsey.galenframework.tests.MarvinSpacingTest">
    <failure type="java.lang.RuntimeException" message="The driver is not instantiated yet">
      <![CDATA[java.lang.RuntimeException: The driver is not instantiated yet
	at com.galenframework.support.GalenJavaTestBase.getDriver(GalenJavaTestBase.java:163)
	at com.galenframework.support.GalenJavaTestBase.quitDriver(GalenJavaTestBase.java:152)
	at com.galenframework.testng.GalenTestNgTestBase.quitDriver(GalenTestNgTestBase.java:57)
... Removed 25 stack frames]]>
    </failure>
  </testcase> <!-- @AfterMethod quitDriver -->
  <testcase name="@BeforeMethod initDriver" time="0.0" classname="com.mckinsey.galenframework.tests.MarvinSpacingTest">
    <skipped/>
  </testcase> <!-- @BeforeMethod initDriver -->
  <testcase name="@BeforeMethod initReport" time="0.0" classname="com.mckinsey.galenframework.tests.MarvinSpacingTest">
    <skipped/>
  </testcase> <!-- @BeforeMethod initReport -->
  <testcase name="@AfterMethod provideTestEndDate" time="0.0" classname="com.mckinsey.galenframework.tests.MarvinSpacingTest">
    <skipped/>
  </testcase> <!-- @AfterMethod provideTestEndDate -->
  <testcase name="@AfterMethod quitDriver" time="0.0" classname="com.mckinsey.galenframework.tests.MarvinSpacingTest">
    <failure type="java.lang.RuntimeException" message="The driver is not instantiated yet">
      <![CDATA[java.lang.RuntimeException: The driver is not instantiated yet
	at com.galenframework.support.GalenJavaTestBase.getDriver(GalenJavaTestBase.java:163)
	at com.galenframework.support.GalenJavaTestBase.quitDriver(GalenJavaTestBase.java:152)
	at com.galenframework.testng.GalenTestNgTestBase.quitDriver(GalenTestNgTestBase.java:57)
... Removed 25 stack frames]]>
    </failure>
  </testcase> <!-- @AfterMethod quitDriver -->
  <testcase name="@BeforeMethod initDriver" time="0.0" classname="com.mckinsey.galenframework.tests.MarvinSpacingTest">
    <skipped/>
  </testcase> <!-- @BeforeMethod initDriver -->
  <testcase name="@BeforeMethod initReport" time="0.0" classname="com.mckinsey.galenframework.tests.MarvinSpacingTest">
    <skipped/>
  </testcase> <!-- @BeforeMethod initReport -->
  <testcase name="@AfterMethod provideTestEndDate" time="0.0" classname="com.mckinsey.galenframework.tests.MarvinSpacingTest">
    <skipped/>
  </testcase> <!-- @AfterMethod provideTestEndDate -->
  <testcase name="@AfterMethod quitDriver" time="0.0" classname="com.mckinsey.galenframework.tests.MarvinSpacingTest">
    <failure type="java.lang.RuntimeException" message="The driver is not instantiated yet">
      <![CDATA[java.lang.RuntimeException: The driver is not instantiated yet
	at com.galenframework.support.GalenJavaTestBase.getDriver(GalenJavaTestBase.java:163)
	at com.galenframework.support.GalenJavaTestBase.quitDriver(GalenJavaTestBase.java:152)
	at com.galenframework.testng.GalenTestNgTestBase.quitDriver(GalenTestNgTestBase.java:57)
... Removed 25 stack frames]]>
    </failure>
  </testcase> <!-- @AfterMethod quitDriver -->
  <testcase name="@BeforeMethod initDriver" time="0.0" classname="com.mckinsey.galenframework.tests.MarvinSpacingTest">
    <skipped/>
  </testcase> <!-- @BeforeMethod initDriver -->
  <testcase name="@BeforeMethod initReport" time="0.0" classname="com.mckinsey.galenframework.tests.MarvinSpacingTest">
    <skipped/>
  </testcase> <!-- @BeforeMethod initReport -->
  <testcase name="@AfterMethod provideTestEndDate" time="0.0" classname="com.mckinsey.galenframework.tests.MarvinSpacingTest">
    <skipped/>
  </testcase> <!-- @AfterMethod provideTestEndDate -->
  <testcase name="@AfterMethod quitDriver" time="0.0" classname="com.mckinsey.galenframework.tests.MarvinSpacingTest">
    <failure type="java.lang.RuntimeException" message="The driver is not instantiated yet">
      <![CDATA[java.lang.RuntimeException: The driver is not instantiated yet
	at com.galenframework.support.GalenJavaTestBase.getDriver(GalenJavaTestBase.java:163)
	at com.galenframework.support.GalenJavaTestBase.quitDriver(GalenJavaTestBase.java:152)
	at com.galenframework.testng.GalenTestNgTestBase.quitDriver(GalenTestNgTestBase.java:57)
... Removed 25 stack frames]]>
    </failure>
  </testcase> <!-- @AfterMethod quitDriver -->
  <testcase name="@BeforeMethod initDriver" time="0.0" classname="com.mckinsey.galenframework.tests.MarvinSpacingTest">
    <skipped/>
  </testcase> <!-- @BeforeMethod initDriver -->
  <testcase name="@BeforeMethod initReport" time="0.0" classname="com.mckinsey.galenframework.tests.MarvinSpacingTest">
    <skipped/>
  </testcase> <!-- @BeforeMethod initReport -->
  <testcase name="@AfterMethod provideTestEndDate" time="0.0" classname="com.mckinsey.galenframework.tests.MarvinSpacingTest">
    <skipped/>
  </testcase> <!-- @AfterMethod provideTestEndDate -->
  <testcase name="@AfterMethod quitDriver" time="0.0" classname="com.mckinsey.galenframework.tests.MarvinSpacingTest">
    <failure type="java.lang.RuntimeException" message="The driver is not instantiated yet">
      <![CDATA[java.lang.RuntimeException: The driver is not instantiated yet
	at com.galenframework.support.GalenJavaTestBase.getDriver(GalenJavaTestBase.java:163)
	at com.galenframework.support.GalenJavaTestBase.quitDriver(GalenJavaTestBase.java:152)
	at com.galenframework.testng.GalenTestNgTestBase.quitDriver(GalenTestNgTestBase.java:57)
... Removed 25 stack frames]]>
    </failure>
  </testcase> <!-- @AfterMethod quitDriver -->
  <testcase name="@BeforeMethod initDriver" time="0.0" classname="com.mckinsey.galenframework.tests.MarvinSpacingTest">
    <skipped/>
  </testcase> <!-- @BeforeMethod initDriver -->
  <testcase name="@BeforeMethod initReport" time="0.0" classname="com.mckinsey.galenframework.tests.MarvinSpacingTest">
    <skipped/>
  </testcase> <!-- @BeforeMethod initReport -->
  <testcase name="@AfterMethod provideTestEndDate" time="0.0" classname="com.mckinsey.galenframework.tests.MarvinSpacingTest">
    <skipped/>
  </testcase> <!-- @AfterMethod provideTestEndDate -->
  <testcase name="@AfterMethod quitDriver" time="0.0" classname="com.mckinsey.galenframework.tests.MarvinSpacingTest">
    <failure type="java.lang.RuntimeException" message="The driver is not instantiated yet">
      <![CDATA[java.lang.RuntimeException: The driver is not instantiated yet
	at com.galenframework.support.GalenJavaTestBase.getDriver(GalenJavaTestBase.java:163)
	at com.galenframework.support.GalenJavaTestBase.quitDriver(GalenJavaTestBase.java:152)
	at com.galenframework.testng.GalenTestNgTestBase.quitDriver(GalenTestNgTestBase.java:57)
... Removed 25 stack frames]]>
    </failure>
  </testcase> <!-- @AfterMethod quitDriver -->
  <testcase name="@BeforeMethod initDriver" time="0.0" classname="com.mckinsey.galenframework.tests.MarvinSpacingTest">
    <skipped/>
  </testcase> <!-- @BeforeMethod initDriver -->
  <testcase name="@BeforeMethod initReport" time="0.0" classname="com.mckinsey.galenframework.tests.MarvinSpacingTest">
    <skipped/>
  </testcase> <!-- @BeforeMethod initReport -->
  <testcase name="@AfterMethod provideTestEndDate" time="0.0" classname="com.mckinsey.galenframework.tests.MarvinSpacingTest">
    <skipped/>
  </testcase> <!-- @AfterMethod provideTestEndDate -->
  <testcase name="@AfterMethod quitDriver" time="0.0" classname="com.mckinsey.galenframework.tests.MarvinSpacingTest">
    <failure type="java.lang.RuntimeException" message="The driver is not instantiated yet">
      <![CDATA[java.lang.RuntimeException: The driver is not instantiated yet
	at com.galenframework.support.GalenJavaTestBase.getDriver(GalenJavaTestBase.java:163)
	at com.galenframework.support.GalenJavaTestBase.quitDriver(GalenJavaTestBase.java:152)
	at com.galenframework.testng.GalenTestNgTestBase.quitDriver(GalenTestNgTestBase.java:57)
... Removed 25 stack frames]]>
    </failure>
  </testcase> <!-- @AfterMethod quitDriver -->
  <testcase name="@BeforeMethod initDriver" time="0.0" classname="com.mckinsey.galenframework.tests.MarvinSpacingTest">
    <skipped/>
  </testcase> <!-- @BeforeMethod initDriver -->
  <testcase name="@BeforeMethod initReport" time="0.0" classname="com.mckinsey.galenframework.tests.MarvinSpacingTest">
    <skipped/>
  </testcase> <!-- @BeforeMethod initReport -->
  <testcase name="@AfterMethod provideTestEndDate" time="0.0" classname="com.mckinsey.galenframework.tests.MarvinSpacingTest">
    <skipped/>
  </testcase> <!-- @AfterMethod provideTestEndDate -->
  <testcase name="@AfterMethod quitDriver" time="0.0" classname="com.mckinsey.galenframework.tests.MarvinSpacingTest">
    <failure type="java.lang.RuntimeException" message="The driver is not instantiated yet">
      <![CDATA[java.lang.RuntimeException: The driver is not instantiated yet
	at com.galenframework.support.GalenJavaTestBase.getDriver(GalenJavaTestBase.java:163)
	at com.galenframework.support.GalenJavaTestBase.quitDriver(GalenJavaTestBase.java:152)
	at com.galenframework.testng.GalenTestNgTestBase.quitDriver(GalenTestNgTestBase.java:57)
... Removed 25 stack frames]]>
    </failure>
  </testcase> <!-- @AfterMethod quitDriver -->
  <testcase name="@BeforeMethod initDriver" time="0.0" classname="com.mckinsey.galenframework.tests.MarvinSpacingTest">
    <skipped/>
  </testcase> <!-- @BeforeMethod initDriver -->
  <testcase name="@BeforeMethod initReport" time="0.0" classname="com.mckinsey.galenframework.tests.MarvinSpacingTest">
    <skipped/>
  </testcase> <!-- @BeforeMethod initReport -->
  <testcase name="@AfterMethod provideTestEndDate" time="0.0" classname="com.mckinsey.galenframework.tests.MarvinSpacingTest">
    <skipped/>
  </testcase> <!-- @AfterMethod provideTestEndDate -->
  <testcase name="@AfterMethod quitDriver" time="0.0" classname="com.mckinsey.galenframework.tests.MarvinSpacingTest">
    <failure type="java.lang.RuntimeException" message="The driver is not instantiated yet">
      <![CDATA[java.lang.RuntimeException: The driver is not instantiated yet
	at com.galenframework.support.GalenJavaTestBase.getDriver(GalenJavaTestBase.java:163)
	at com.galenframework.support.GalenJavaTestBase.quitDriver(GalenJavaTestBase.java:152)
	at com.galenframework.testng.GalenTestNgTestBase.quitDriver(GalenTestNgTestBase.java:57)
... Removed 25 stack frames]]>
    </failure>
  </testcase> <!-- @AfterMethod quitDriver -->
  <testcase name="@BeforeMethod initDriver" time="0.0" classname="com.mckinsey.galenframework.tests.MarvinSpacingTest">
    <skipped/>
  </testcase> <!-- @BeforeMethod initDriver -->
  <testcase name="@BeforeMethod initReport" time="0.0" classname="com.mckinsey.galenframework.tests.MarvinSpacingTest">
    <skipped/>
  </testcase> <!-- @BeforeMethod initReport -->
  <testcase name="@AfterMethod provideTestEndDate" time="0.0" classname="com.mckinsey.galenframework.tests.MarvinSpacingTest">
    <skipped/>
  </testcase> <!-- @AfterMethod provideTestEndDate -->
  <testcase name="@AfterMethod quitDriver" time="0.0" classname="com.mckinsey.galenframework.tests.MarvinSpacingTest">
    <failure type="java.lang.RuntimeException" message="The driver is not instantiated yet">
      <![CDATA[java.lang.RuntimeException: The driver is not instantiated yet
	at com.galenframework.support.GalenJavaTestBase.getDriver(GalenJavaTestBase.java:163)
	at com.galenframework.support.GalenJavaTestBase.quitDriver(GalenJavaTestBase.java:152)
	at com.galenframework.testng.GalenTestNgTestBase.quitDriver(GalenTestNgTestBase.java:57)
... Removed 25 stack frames]]>
    </failure>
  </testcase> <!-- @AfterMethod quitDriver -->
  <testcase name="@BeforeMethod initDriver" time="0.0" classname="com.mckinsey.galenframework.tests.MarvinSpacingTest">
    <skipped/>
  </testcase> <!-- @BeforeMethod initDriver -->
  <testcase name="@BeforeMethod initReport" time="0.0" classname="com.mckinsey.galenframework.tests.MarvinSpacingTest">
    <skipped/>
  </testcase> <!-- @BeforeMethod initReport -->
  <testcase name="@AfterMethod provideTestEndDate" time="0.0" classname="com.mckinsey.galenframework.tests.MarvinSpacingTest">
    <skipped/>
  </testcase> <!-- @AfterMethod provideTestEndDate -->
  <testcase name="@AfterMethod quitDriver" time="0.0" classname="com.mckinsey.galenframework.tests.MarvinSpacingTest">
    <failure type="java.lang.RuntimeException" message="The driver is not instantiated yet">
      <![CDATA[java.lang.RuntimeException: The driver is not instantiated yet
	at com.galenframework.support.GalenJavaTestBase.getDriver(GalenJavaTestBase.java:163)
	at com.galenframework.support.GalenJavaTestBase.quitDriver(GalenJavaTestBase.java:152)
	at com.galenframework.testng.GalenTestNgTestBase.quitDriver(GalenTestNgTestBase.java:57)
... Removed 25 stack frames]]>
    </failure>
  </testcase> <!-- @AfterMethod quitDriver -->
  <testcase name="@BeforeMethod initDriver" time="0.0" classname="com.mckinsey.galenframework.tests.MarvinSpacingTest">
    <skipped/>
  </testcase> <!-- @BeforeMethod initDriver -->
  <testcase name="@BeforeMethod initReport" time="0.0" classname="com.mckinsey.galenframework.tests.MarvinSpacingTest">
    <skipped/>
  </testcase> <!-- @BeforeMethod initReport -->
  <testcase name="@AfterMethod provideTestEndDate" time="0.0" classname="com.mckinsey.galenframework.tests.MarvinSpacingTest">
    <skipped/>
  </testcase> <!-- @AfterMethod provideTestEndDate -->
  <testcase name="@AfterMethod quitDriver" time="0.0" classname="com.mckinsey.galenframework.tests.MarvinSpacingTest">
    <failure type="java.lang.RuntimeException" message="The driver is not instantiated yet">
      <![CDATA[java.lang.RuntimeException: The driver is not instantiated yet
	at com.galenframework.support.GalenJavaTestBase.getDriver(GalenJavaTestBase.java:163)
	at com.galenframework.support.GalenJavaTestBase.quitDriver(GalenJavaTestBase.java:152)
	at com.galenframework.testng.GalenTestNgTestBase.quitDriver(GalenTestNgTestBase.java:57)
... Removed 25 stack frames]]>
    </failure>
  </testcase> <!-- @AfterMethod quitDriver -->
  <testcase name="@BeforeMethod initDriver" time="0.0" classname="com.mckinsey.galenframework.tests.MarvinSpacingTest">
    <skipped/>
  </testcase> <!-- @BeforeMethod initDriver -->
  <testcase name="@BeforeMethod initReport" time="0.0" classname="com.mckinsey.galenframework.tests.MarvinSpacingTest">
    <skipped/>
  </testcase> <!-- @BeforeMethod initReport -->
  <testcase name="@AfterMethod provideTestEndDate" time="0.0" classname="com.mckinsey.galenframework.tests.MarvinSpacingTest">
    <skipped/>
  </testcase> <!-- @AfterMethod provideTestEndDate -->
  <testcase name="@AfterMethod quitDriver" time="0.0" classname="com.mckinsey.galenframework.tests.MarvinSpacingTest">
    <failure type="java.lang.RuntimeException" message="The driver is not instantiated yet">
      <![CDATA[java.lang.RuntimeException: The driver is not instantiated yet
	at com.galenframework.support.GalenJavaTestBase.getDriver(GalenJavaTestBase.java:163)
	at com.galenframework.support.GalenJavaTestBase.quitDriver(GalenJavaTestBase.java:152)
	at com.galenframework.testng.GalenTestNgTestBase.quitDriver(GalenTestNgTestBase.java:57)
... Removed 25 stack frames]]>
    </failure>
  </testcase> <!-- @AfterMethod quitDriver -->
  <testcase name="@BeforeMethod initDriver" time="0.0" classname="com.mckinsey.galenframework.tests.MarvinSpacingTest">
    <skipped/>
  </testcase> <!-- @BeforeMethod initDriver -->
  <testcase name="@BeforeMethod initReport" time="0.0" classname="com.mckinsey.galenframework.tests.MarvinSpacingTest">
    <skipped/>
  </testcase> <!-- @BeforeMethod initReport -->
  <testcase name="@AfterMethod provideTestEndDate" time="0.0" classname="com.mckinsey.galenframework.tests.MarvinSpacingTest">
    <skipped/>
  </testcase> <!-- @AfterMethod provideTestEndDate -->
  <testcase name="@AfterMethod quitDriver" time="0.0" classname="com.mckinsey.galenframework.tests.MarvinSpacingTest">
    <failure type="java.lang.RuntimeException" message="The driver is not instantiated yet">
      <![CDATA[java.lang.RuntimeException: The driver is not instantiated yet
	at com.galenframework.support.GalenJavaTestBase.getDriver(GalenJavaTestBase.java:163)
	at com.galenframework.support.GalenJavaTestBase.quitDriver(GalenJavaTestBase.java:152)
	at com.galenframework.testng.GalenTestNgTestBase.quitDriver(GalenTestNgTestBase.java:57)
... Removed 25 stack frames]]>
    </failure>
  </testcase> <!-- @AfterMethod quitDriver -->
  <testcase name="@BeforeMethod initDriver" time="0.0" classname="com.mckinsey.galenframework.tests.MarvinSpacingTest">
    <skipped/>
  </testcase> <!-- @BeforeMethod initDriver -->
  <testcase name="@BeforeMethod initReport" time="0.0" classname="com.mckinsey.galenframework.tests.MarvinSpacingTest">
    <skipped/>
  </testcase> <!-- @BeforeMethod initReport -->
  <testcase name="@AfterMethod provideTestEndDate" time="0.0" classname="com.mckinsey.galenframework.tests.MarvinSpacingTest">
    <skipped/>
  </testcase> <!-- @AfterMethod provideTestEndDate -->
  <testcase name="@AfterMethod quitDriver" time="0.0" classname="com.mckinsey.galenframework.tests.MarvinSpacingTest">
    <failure type="java.lang.RuntimeException" message="The driver is not instantiated yet">
      <![CDATA[java.lang.RuntimeException: The driver is not instantiated yet
	at com.galenframework.support.GalenJavaTestBase.getDriver(GalenJavaTestBase.java:163)
	at com.galenframework.support.GalenJavaTestBase.quitDriver(GalenJavaTestBase.java:152)
	at com.galenframework.testng.GalenTestNgTestBase.quitDriver(GalenTestNgTestBase.java:57)
... Removed 25 stack frames]]>
    </failure>
  </testcase> <!-- @AfterMethod quitDriver -->
  <testcase name="@BeforeMethod initDriver" time="0.0" classname="com.mckinsey.galenframework.tests.MarvinSpacingTest">
    <skipped/>
  </testcase> <!-- @BeforeMethod initDriver -->
  <testcase name="@BeforeMethod initReport" time="0.0" classname="com.mckinsey.galenframework.tests.MarvinSpacingTest">
    <skipped/>
  </testcase> <!-- @BeforeMethod initReport -->
  <testcase name="@AfterMethod provideTestEndDate" time="0.0" classname="com.mckinsey.galenframework.tests.MarvinSpacingTest">
    <skipped/>
  </testcase> <!-- @AfterMethod provideTestEndDate -->
  <testcase name="@AfterMethod quitDriver" time="0.0" classname="com.mckinsey.galenframework.tests.MarvinSpacingTest">
    <failure type="java.lang.RuntimeException" message="The driver is not instantiated yet">
      <![CDATA[java.lang.RuntimeException: The driver is not instantiated yet
	at com.galenframework.support.GalenJavaTestBase.getDriver(GalenJavaTestBase.java:163)
	at com.galenframework.support.GalenJavaTestBase.quitDriver(GalenJavaTestBase.java:152)
	at com.galenframework.testng.GalenTestNgTestBase.quitDriver(GalenTestNgTestBase.java:57)
... Removed 25 stack frames]]>
    </failure>
  </testcase> <!-- @AfterMethod quitDriver -->
  <testcase name="@BeforeMethod initDriver" time="0.0" classname="com.mckinsey.galenframework.tests.MarvinSpacingTest">
    <skipped/>
  </testcase> <!-- @BeforeMethod initDriver -->
  <testcase name="@BeforeMethod initReport" time="0.0" classname="com.mckinsey.galenframework.tests.MarvinSpacingTest">
    <skipped/>
  </testcase> <!-- @BeforeMethod initReport -->
  <testcase name="@AfterMethod provideTestEndDate" time="0.0" classname="com.mckinsey.galenframework.tests.MarvinSpacingTest">
    <skipped/>
  </testcase> <!-- @AfterMethod provideTestEndDate -->
  <testcase name="@AfterMethod quitDriver" time="0.0" classname="com.mckinsey.galenframework.tests.MarvinSpacingTest">
    <failure type="java.lang.RuntimeException" message="The driver is not instantiated yet">
      <![CDATA[java.lang.RuntimeException: The driver is not instantiated yet
	at com.galenframework.support.GalenJavaTestBase.getDriver(GalenJavaTestBase.java:163)
	at com.galenframework.support.GalenJavaTestBase.quitDriver(GalenJavaTestBase.java:152)
	at com.galenframework.testng.GalenTestNgTestBase.quitDriver(GalenTestNgTestBase.java:57)
... Removed 25 stack frames]]>
    </failure>
  </testcase> <!-- @AfterMethod quitDriver -->
  <testcase name="@BeforeMethod initDriver" time="0.0" classname="com.mckinsey.galenframework.tests.MarvinSpacingTest">
    <skipped/>
  </testcase> <!-- @BeforeMethod initDriver -->
  <testcase name="@BeforeMethod initReport" time="0.0" classname="com.mckinsey.galenframework.tests.MarvinSpacingTest">
    <skipped/>
  </testcase> <!-- @BeforeMethod initReport -->
  <testcase name="@AfterMethod provideTestEndDate" time="0.0" classname="com.mckinsey.galenframework.tests.MarvinSpacingTest">
    <skipped/>
  </testcase> <!-- @AfterMethod provideTestEndDate -->
  <testcase name="@AfterMethod quitDriver" time="0.0" classname="com.mckinsey.galenframework.tests.MarvinSpacingTest">
    <failure type="java.lang.RuntimeException" message="The driver is not instantiated yet">
      <![CDATA[java.lang.RuntimeException: The driver is not instantiated yet
	at com.galenframework.support.GalenJavaTestBase.getDriver(GalenJavaTestBase.java:163)
	at com.galenframework.support.GalenJavaTestBase.quitDriver(GalenJavaTestBase.java:152)
	at com.galenframework.testng.GalenTestNgTestBase.quitDriver(GalenTestNgTestBase.java:57)
... Removed 25 stack frames]]>
    </failure>
  </testcase> <!-- @AfterMethod quitDriver -->
  <testcase name="@BeforeMethod initDriver" time="0.0" classname="com.mckinsey.galenframework.tests.MarvinSpacingTest">
    <skipped/>
  </testcase> <!-- @BeforeMethod initDriver -->
  <testcase name="@BeforeMethod initReport" time="0.0" classname="com.mckinsey.galenframework.tests.MarvinSpacingTest">
    <skipped/>
  </testcase> <!-- @BeforeMethod initReport -->
  <testcase name="@AfterMethod provideTestEndDate" time="0.0" classname="com.mckinsey.galenframework.tests.MarvinSpacingTest">
    <skipped/>
  </testcase> <!-- @AfterMethod provideTestEndDate -->
  <testcase name="@AfterMethod quitDriver" time="0.0" classname="com.mckinsey.galenframework.tests.MarvinSpacingTest">
    <failure type="java.lang.RuntimeException" message="The driver is not instantiated yet">
      <![CDATA[java.lang.RuntimeException: The driver is not instantiated yet
	at com.galenframework.support.GalenJavaTestBase.getDriver(GalenJavaTestBase.java:163)
	at com.galenframework.support.GalenJavaTestBase.quitDriver(GalenJavaTestBase.java:152)
	at com.galenframework.testng.GalenTestNgTestBase.quitDriver(GalenTestNgTestBase.java:57)
... Removed 25 stack frames]]>
    </failure>
  </testcase> <!-- @AfterMethod quitDriver -->
  <testcase name="@BeforeMethod initDriver" time="0.0" classname="com.mckinsey.galenframework.tests.MarvinSpacingTest">
    <skipped/>
  </testcase> <!-- @BeforeMethod initDriver -->
  <testcase name="@BeforeMethod initReport" time="0.0" classname="com.mckinsey.galenframework.tests.MarvinSpacingTest">
    <skipped/>
  </testcase> <!-- @BeforeMethod initReport -->
  <testcase name="@AfterMethod provideTestEndDate" time="0.0" classname="com.mckinsey.galenframework.tests.MarvinSpacingTest">
    <skipped/>
  </testcase> <!-- @AfterMethod provideTestEndDate -->
  <testcase name="@AfterMethod quitDriver" time="0.0" classname="com.mckinsey.galenframework.tests.MarvinSpacingTest">
    <failure type="java.lang.RuntimeException" message="The driver is not instantiated yet">
      <![CDATA[java.lang.RuntimeException: The driver is not instantiated yet
	at com.galenframework.support.GalenJavaTestBase.getDriver(GalenJavaTestBase.java:163)
	at com.galenframework.support.GalenJavaTestBase.quitDriver(GalenJavaTestBase.java:152)
	at com.galenframework.testng.GalenTestNgTestBase.quitDriver(GalenTestNgTestBase.java:57)
... Removed 25 stack frames]]>
    </failure>
  </testcase> <!-- @AfterMethod quitDriver -->
  <testcase name="@BeforeMethod initDriver" time="0.0" classname="com.mckinsey.galenframework.tests.MarvinSpacingTest">
    <skipped/>
  </testcase> <!-- @BeforeMethod initDriver -->
  <testcase name="@BeforeMethod initReport" time="0.0" classname="com.mckinsey.galenframework.tests.MarvinSpacingTest">
    <skipped/>
  </testcase> <!-- @BeforeMethod initReport -->
  <testcase name="@AfterMethod provideTestEndDate" time="0.0" classname="com.mckinsey.galenframework.tests.MarvinSpacingTest">
    <skipped/>
  </testcase> <!-- @AfterMethod provideTestEndDate -->
  <testcase name="@AfterMethod quitDriver" time="0.0" classname="com.mckinsey.galenframework.tests.MarvinSpacingTest">
    <failure type="java.lang.RuntimeException" message="The driver is not instantiated yet">
      <![CDATA[java.lang.RuntimeException: The driver is not instantiated yet
	at com.galenframework.support.GalenJavaTestBase.getDriver(GalenJavaTestBase.java:163)
	at com.galenframework.support.GalenJavaTestBase.quitDriver(GalenJavaTestBase.java:152)
	at com.galenframework.testng.GalenTestNgTestBase.quitDriver(GalenTestNgTestBase.java:57)
... Removed 25 stack frames]]>
    </failure>
  </testcase> <!-- @AfterMethod quitDriver -->
  <testcase name="@BeforeMethod initDriver" time="0.0" classname="com.mckinsey.galenframework.tests.MarvinSpacingTest">
    <skipped/>
  </testcase> <!-- @BeforeMethod initDriver -->
  <testcase name="@BeforeMethod initReport" time="0.0" classname="com.mckinsey.galenframework.tests.MarvinSpacingTest">
    <skipped/>
  </testcase> <!-- @BeforeMethod initReport -->
  <testcase name="@AfterMethod provideTestEndDate" time="0.0" classname="com.mckinsey.galenframework.tests.MarvinSpacingTest">
    <skipped/>
  </testcase> <!-- @AfterMethod provideTestEndDate -->
  <testcase name="@AfterMethod quitDriver" time="0.0" classname="com.mckinsey.galenframework.tests.MarvinSpacingTest">
    <failure type="java.lang.RuntimeException" message="The driver is not instantiated yet">
      <![CDATA[java.lang.RuntimeException: The driver is not instantiated yet
	at com.galenframework.support.GalenJavaTestBase.getDriver(GalenJavaTestBase.java:163)
	at com.galenframework.support.GalenJavaTestBase.quitDriver(GalenJavaTestBase.java:152)
	at com.galenframework.testng.GalenTestNgTestBase.quitDriver(GalenTestNgTestBase.java:57)
... Removed 25 stack frames]]>
    </failure>
  </testcase> <!-- @AfterMethod quitDriver -->
  <testcase name="@BeforeMethod initDriver" time="0.0" classname="com.mckinsey.galenframework.tests.MarvinSpacingTest">
    <skipped/>
  </testcase> <!-- @BeforeMethod initDriver -->
  <testcase name="@BeforeMethod initReport" time="0.0" classname="com.mckinsey.galenframework.tests.MarvinSpacingTest">
    <skipped/>
  </testcase> <!-- @BeforeMethod initReport -->
  <testcase name="@AfterMethod provideTestEndDate" time="0.0" classname="com.mckinsey.galenframework.tests.MarvinSpacingTest">
    <skipped/>
  </testcase> <!-- @AfterMethod provideTestEndDate -->
  <testcase name="@AfterMethod quitDriver" time="0.0" classname="com.mckinsey.galenframework.tests.MarvinSpacingTest">
    <failure type="java.lang.RuntimeException" message="The driver is not instantiated yet">
      <![CDATA[java.lang.RuntimeException: The driver is not instantiated yet
	at com.galenframework.support.GalenJavaTestBase.getDriver(GalenJavaTestBase.java:163)
	at com.galenframework.support.GalenJavaTestBase.quitDriver(GalenJavaTestBase.java:152)
	at com.galenframework.testng.GalenTestNgTestBase.quitDriver(GalenTestNgTestBase.java:57)
... Removed 25 stack frames]]>
    </failure>
  </testcase> <!-- @AfterMethod quitDriver -->
  <testcase name="@BeforeMethod initDriver" time="0.0" classname="com.mckinsey.galenframework.tests.MarvinSpacingTest">
    <skipped/>
  </testcase> <!-- @BeforeMethod initDriver -->
  <testcase name="@BeforeMethod initReport" time="0.0" classname="com.mckinsey.galenframework.tests.MarvinSpacingTest">
    <skipped/>
  </testcase> <!-- @BeforeMethod initReport -->
  <testcase name="@AfterMethod provideTestEndDate" time="0.0" classname="com.mckinsey.galenframework.tests.MarvinSpacingTest">
    <skipped/>
  </testcase> <!-- @AfterMethod provideTestEndDate -->
  <testcase name="@AfterMethod quitDriver" time="0.0" classname="com.mckinsey.galenframework.tests.MarvinSpacingTest">
    <failure type="java.lang.RuntimeException" message="The driver is not instantiated yet">
      <![CDATA[java.lang.RuntimeException: The driver is not instantiated yet
	at com.galenframework.support.GalenJavaTestBase.getDriver(GalenJavaTestBase.java:163)
	at com.galenframework.support.GalenJavaTestBase.quitDriver(GalenJavaTestBase.java:152)
	at com.galenframework.testng.GalenTestNgTestBase.quitDriver(GalenTestNgTestBase.java:57)
... Removed 25 stack frames]]>
    </failure>
  </testcase> <!-- @AfterMethod quitDriver -->
  <testcase name="@BeforeMethod initDriver" time="0.0" classname="com.mckinsey.galenframework.tests.MarvinSpacingTest">
    <skipped/>
  </testcase> <!-- @BeforeMethod initDriver -->
  <testcase name="@BeforeMethod initReport" time="0.0" classname="com.mckinsey.galenframework.tests.MarvinSpacingTest">
    <skipped/>
  </testcase> <!-- @BeforeMethod initReport -->
  <testcase name="@AfterMethod provideTestEndDate" time="0.0" classname="com.mckinsey.galenframework.tests.MarvinSpacingTest">
    <skipped/>
  </testcase> <!-- @AfterMethod provideTestEndDate -->
  <testcase name="@AfterMethod quitDriver" time="0.0" classname="com.mckinsey.galenframework.tests.MarvinSpacingTest">
    <failure type="java.lang.RuntimeException" message="The driver is not instantiated yet">
      <![CDATA[java.lang.RuntimeException: The driver is not instantiated yet
	at com.galenframework.support.GalenJavaTestBase.getDriver(GalenJavaTestBase.java:163)
	at com.galenframework.support.GalenJavaTestBase.quitDriver(GalenJavaTestBase.java:152)
	at com.galenframework.testng.GalenTestNgTestBase.quitDriver(GalenTestNgTestBase.java:57)
... Removed 25 stack frames]]>
    </failure>
  </testcase> <!-- @AfterMethod quitDriver -->
  <testcase name="@BeforeMethod initDriver" time="0.0" classname="com.mckinsey.galenframework.tests.MarvinSpacingTest">
    <skipped/>
  </testcase> <!-- @BeforeMethod initDriver -->
  <testcase name="@BeforeMethod initReport" time="0.0" classname="com.mckinsey.galenframework.tests.MarvinSpacingTest">
    <skipped/>
  </testcase> <!-- @BeforeMethod initReport -->
  <testcase name="@AfterMethod provideTestEndDate" time="0.0" classname="com.mckinsey.galenframework.tests.MarvinSpacingTest">
    <skipped/>
  </testcase> <!-- @AfterMethod provideTestEndDate -->
  <testcase name="@AfterMethod quitDriver" time="0.0" classname="com.mckinsey.galenframework.tests.MarvinSpacingTest">
    <failure type="java.lang.RuntimeException" message="The driver is not instantiated yet">
      <![CDATA[java.lang.RuntimeException: The driver is not instantiated yet
	at com.galenframework.support.GalenJavaTestBase.getDriver(GalenJavaTestBase.java:163)
	at com.galenframework.support.GalenJavaTestBase.quitDriver(GalenJavaTestBase.java:152)
	at com.galenframework.testng.GalenTestNgTestBase.quitDriver(GalenTestNgTestBase.java:57)
... Removed 25 stack frames]]>
    </failure>
  </testcase> <!-- @AfterMethod quitDriver -->
  <testcase name="@BeforeMethod initDriver" time="0.0" classname="com.mckinsey.galenframework.tests.MarvinSpacingTest">
    <skipped/>
  </testcase> <!-- @BeforeMethod initDriver -->
  <testcase name="@BeforeMethod initReport" time="0.0" classname="com.mckinsey.galenframework.tests.MarvinSpacingTest">
    <skipped/>
  </testcase> <!-- @BeforeMethod initReport -->
  <testcase name="@AfterMethod provideTestEndDate" time="0.0" classname="com.mckinsey.galenframework.tests.MarvinSpacingTest">
    <skipped/>
  </testcase> <!-- @AfterMethod provideTestEndDate -->
  <testcase name="@AfterMethod quitDriver" time="0.0" classname="com.mckinsey.galenframework.tests.MarvinSpacingTest">
    <failure type="java.lang.RuntimeException" message="The driver is not instantiated yet">
      <![CDATA[java.lang.RuntimeException: The driver is not instantiated yet
	at com.galenframework.support.GalenJavaTestBase.getDriver(GalenJavaTestBase.java:163)
	at com.galenframework.support.GalenJavaTestBase.quitDriver(GalenJavaTestBase.java:152)
	at com.galenframework.testng.GalenTestNgTestBase.quitDriver(GalenTestNgTestBase.java:57)
... Removed 25 stack frames]]>
    </failure>
  </testcase> <!-- @AfterMethod quitDriver -->
  <testcase name="@BeforeMethod initDriver" time="0.0" classname="com.mckinsey.galenframework.tests.MarvinSpacingTest">
    <skipped/>
  </testcase> <!-- @BeforeMethod initDriver -->
  <testcase name="@BeforeMethod initReport" time="0.0" classname="com.mckinsey.galenframework.tests.MarvinSpacingTest">
    <skipped/>
  </testcase> <!-- @BeforeMethod initReport -->
  <testcase name="@AfterMethod provideTestEndDate" time="0.0" classname="com.mckinsey.galenframework.tests.MarvinSpacingTest">
    <skipped/>
  </testcase> <!-- @AfterMethod provideTestEndDate -->
  <testcase name="@AfterMethod quitDriver" time="0.0" classname="com.mckinsey.galenframework.tests.MarvinSpacingTest">
    <failure type="java.lang.RuntimeException" message="The driver is not instantiated yet">
      <![CDATA[java.lang.RuntimeException: The driver is not instantiated yet
	at com.galenframework.support.GalenJavaTestBase.getDriver(GalenJavaTestBase.java:163)
	at com.galenframework.support.GalenJavaTestBase.quitDriver(GalenJavaTestBase.java:152)
	at com.galenframework.testng.GalenTestNgTestBase.quitDriver(GalenTestNgTestBase.java:57)
... Removed 25 stack frames]]>
    </failure>
  </testcase> <!-- @AfterMethod quitDriver -->
  <testcase name="@BeforeMethod initDriver" time="0.0" classname="com.mckinsey.galenframework.tests.MarvinSpacingTest">
    <skipped/>
  </testcase> <!-- @BeforeMethod initDriver -->
  <testcase name="@BeforeMethod initReport" time="0.0" classname="com.mckinsey.galenframework.tests.MarvinSpacingTest">
    <skipped/>
  </testcase> <!-- @BeforeMethod initReport -->
  <testcase name="@AfterMethod provideTestEndDate" time="0.0" classname="com.mckinsey.galenframework.tests.MarvinSpacingTest">
    <skipped/>
  </testcase> <!-- @AfterMethod provideTestEndDate -->
  <testcase name="@AfterMethod quitDriver" time="0.0" classname="com.mckinsey.galenframework.tests.MarvinSpacingTest">
    <failure type="java.lang.RuntimeException" message="The driver is not instantiated yet">
      <![CDATA[java.lang.RuntimeException: The driver is not instantiated yet
	at com.galenframework.support.GalenJavaTestBase.getDriver(GalenJavaTestBase.java:163)
	at com.galenframework.support.GalenJavaTestBase.quitDriver(GalenJavaTestBase.java:152)
	at com.galenframework.testng.GalenTestNgTestBase.quitDriver(GalenTestNgTestBase.java:57)
... Removed 25 stack frames]]>
    </failure>
  </testcase> <!-- @AfterMethod quitDriver -->
  <testcase name="@BeforeMethod initDriver" time="0.0" classname="com.mckinsey.galenframework.tests.MarvinSpacingTest">
    <skipped/>
  </testcase> <!-- @BeforeMethod initDriver -->
  <testcase name="@BeforeMethod initReport" time="0.0" classname="com.mckinsey.galenframework.tests.MarvinSpacingTest">
    <skipped/>
  </testcase> <!-- @BeforeMethod initReport -->
  <testcase name="@AfterMethod provideTestEndDate" time="0.0" classname="com.mckinsey.galenframework.tests.MarvinSpacingTest">
    <skipped/>
  </testcase> <!-- @AfterMethod provideTestEndDate -->
  <testcase name="@AfterMethod quitDriver" time="0.0" classname="com.mckinsey.galenframework.tests.MarvinSpacingTest">
    <failure type="java.lang.RuntimeException" message="The driver is not instantiated yet">
      <![CDATA[java.lang.RuntimeException: The driver is not instantiated yet
	at com.galenframework.support.GalenJavaTestBase.getDriver(GalenJavaTestBase.java:163)
	at com.galenframework.support.GalenJavaTestBase.quitDriver(GalenJavaTestBase.java:152)
	at com.galenframework.testng.GalenTestNgTestBase.quitDriver(GalenTestNgTestBase.java:57)
... Removed 25 stack frames]]>
    </failure>
  </testcase> <!-- @AfterMethod quitDriver -->
  <testcase name="@BeforeMethod initDriver" time="0.0" classname="com.mckinsey.galenframework.tests.MarvinSpacingTest">
    <skipped/>
  </testcase> <!-- @BeforeMethod initDriver -->
  <testcase name="@BeforeMethod initReport" time="0.0" classname="com.mckinsey.galenframework.tests.MarvinSpacingTest">
    <skipped/>
  </testcase> <!-- @BeforeMethod initReport -->
  <testcase name="@AfterMethod provideTestEndDate" time="0.0" classname="com.mckinsey.galenframework.tests.MarvinSpacingTest">
    <skipped/>
  </testcase> <!-- @AfterMethod provideTestEndDate -->
  <testcase name="@AfterMethod quitDriver" time="0.0" classname="com.mckinsey.galenframework.tests.MarvinSpacingTest">
    <failure type="java.lang.RuntimeException" message="The driver is not instantiated yet">
      <![CDATA[java.lang.RuntimeException: The driver is not instantiated yet
	at com.galenframework.support.GalenJavaTestBase.getDriver(GalenJavaTestBase.java:163)
	at com.galenframework.support.GalenJavaTestBase.quitDriver(GalenJavaTestBase.java:152)
	at com.galenframework.testng.GalenTestNgTestBase.quitDriver(GalenTestNgTestBase.java:57)
... Removed 25 stack frames]]>
    </failure>
  </testcase> <!-- @AfterMethod quitDriver -->
  <testcase name="@BeforeMethod initDriver" time="0.0" classname="com.mckinsey.galenframework.tests.MarvinSpacingTest">
    <skipped/>
  </testcase> <!-- @BeforeMethod initDriver -->
  <testcase name="@BeforeMethod initReport" time="0.0" classname="com.mckinsey.galenframework.tests.MarvinSpacingTest">
    <skipped/>
  </testcase> <!-- @BeforeMethod initReport -->
  <testcase name="@AfterMethod provideTestEndDate" time="0.0" classname="com.mckinsey.galenframework.tests.MarvinSpacingTest">
    <skipped/>
  </testcase> <!-- @AfterMethod provideTestEndDate -->
  <testcase name="@AfterMethod quitDriver" time="0.0" classname="com.mckinsey.galenframework.tests.MarvinSpacingTest">
    <failure type="java.lang.RuntimeException" message="The driver is not instantiated yet">
      <![CDATA[java.lang.RuntimeException: The driver is not instantiated yet
	at com.galenframework.support.GalenJavaTestBase.getDriver(GalenJavaTestBase.java:163)
	at com.galenframework.support.GalenJavaTestBase.quitDriver(GalenJavaTestBase.java:152)
	at com.galenframework.testng.GalenTestNgTestBase.quitDriver(GalenTestNgTestBase.java:57)
... Removed 25 stack frames]]>
    </failure>
  </testcase> <!-- @AfterMethod quitDriver -->
  <testcase name="@BeforeMethod initDriver" time="0.0" classname="com.mckinsey.galenframework.tests.MarvinSpacingTest">
    <skipped/>
  </testcase> <!-- @BeforeMethod initDriver -->
  <testcase name="@BeforeMethod initReport" time="0.0" classname="com.mckinsey.galenframework.tests.MarvinSpacingTest">
    <skipped/>
  </testcase> <!-- @BeforeMethod initReport -->
  <testcase name="@AfterMethod provideTestEndDate" time="0.0" classname="com.mckinsey.galenframework.tests.MarvinSpacingTest">
    <skipped/>
  </testcase> <!-- @AfterMethod provideTestEndDate -->
  <testcase name="@AfterMethod quitDriver" time="0.0" classname="com.mckinsey.galenframework.tests.MarvinSpacingTest">
    <failure type="java.lang.RuntimeException" message="The driver is not instantiated yet">
      <![CDATA[java.lang.RuntimeException: The driver is not instantiated yet
	at com.galenframework.support.GalenJavaTestBase.getDriver(GalenJavaTestBase.java:163)
	at com.galenframework.support.GalenJavaTestBase.quitDriver(GalenJavaTestBase.java:152)
	at com.galenframework.testng.GalenTestNgTestBase.quitDriver(GalenTestNgTestBase.java:57)
... Removed 25 stack frames]]>
    </failure>
  </testcase> <!-- @AfterMethod quitDriver -->
  <testcase name="@BeforeMethod initDriver" time="0.0" classname="com.mckinsey.galenframework.tests.MarvinSpacingTest">
    <skipped/>
  </testcase> <!-- @BeforeMethod initDriver -->
  <testcase name="@BeforeMethod initReport" time="0.0" classname="com.mckinsey.galenframework.tests.MarvinSpacingTest">
    <skipped/>
  </testcase> <!-- @BeforeMethod initReport -->
  <testcase name="@AfterMethod provideTestEndDate" time="0.0" classname="com.mckinsey.galenframework.tests.MarvinSpacingTest">
    <skipped/>
  </testcase> <!-- @AfterMethod provideTestEndDate -->
  <testcase name="@AfterMethod quitDriver" time="0.0" classname="com.mckinsey.galenframework.tests.MarvinSpacingTest">
    <failure type="java.lang.RuntimeException" message="The driver is not instantiated yet">
      <![CDATA[java.lang.RuntimeException: The driver is not instantiated yet
	at com.galenframework.support.GalenJavaTestBase.getDriver(GalenJavaTestBase.java:163)
	at com.galenframework.support.GalenJavaTestBase.quitDriver(GalenJavaTestBase.java:152)
	at com.galenframework.testng.GalenTestNgTestBase.quitDriver(GalenTestNgTestBase.java:57)
... Removed 25 stack frames]]>
    </failure>
  </testcase> <!-- @AfterMethod quitDriver -->
  <testcase name="@BeforeMethod initDriver" time="0.0" classname="com.mckinsey.galenframework.tests.MarvinSpacingTest">
    <skipped/>
  </testcase> <!-- @BeforeMethod initDriver -->
  <testcase name="@BeforeMethod initReport" time="0.0" classname="com.mckinsey.galenframework.tests.MarvinSpacingTest">
    <skipped/>
  </testcase> <!-- @BeforeMethod initReport -->
  <testcase name="@AfterMethod provideTestEndDate" time="0.0" classname="com.mckinsey.galenframework.tests.MarvinSpacingTest">
    <skipped/>
  </testcase> <!-- @AfterMethod provideTestEndDate -->
  <testcase name="@AfterMethod quitDriver" time="0.0" classname="com.mckinsey.galenframework.tests.MarvinSpacingTest">
    <failure type="java.lang.RuntimeException" message="The driver is not instantiated yet">
      <![CDATA[java.lang.RuntimeException: The driver is not instantiated yet
	at com.galenframework.support.GalenJavaTestBase.getDriver(GalenJavaTestBase.java:163)
	at com.galenframework.support.GalenJavaTestBase.quitDriver(GalenJavaTestBase.java:152)
	at com.galenframework.testng.GalenTestNgTestBase.quitDriver(GalenTestNgTestBase.java:57)
... Removed 25 stack frames]]>
    </failure>
  </testcase> <!-- @AfterMethod quitDriver -->
  <testcase name="@BeforeMethod initDriver" time="0.0" classname="com.mckinsey.galenframework.tests.MarvinSpacingTest">
    <skipped/>
  </testcase> <!-- @BeforeMethod initDriver -->
  <testcase name="@BeforeMethod initReport" time="0.0" classname="com.mckinsey.galenframework.tests.MarvinSpacingTest">
    <skipped/>
  </testcase> <!-- @BeforeMethod initReport -->
  <testcase name="@AfterMethod provideTestEndDate" time="0.0" classname="com.mckinsey.galenframework.tests.MarvinSpacingTest">
    <skipped/>
  </testcase> <!-- @AfterMethod provideTestEndDate -->
  <testcase name="@AfterMethod quitDriver" time="0.0" classname="com.mckinsey.galenframework.tests.MarvinSpacingTest">
    <failure type="java.lang.RuntimeException" message="The driver is not instantiated yet">
      <![CDATA[java.lang.RuntimeException: The driver is not instantiated yet
	at com.galenframework.support.GalenJavaTestBase.getDriver(GalenJavaTestBase.java:163)
	at com.galenframework.support.GalenJavaTestBase.quitDriver(GalenJavaTestBase.java:152)
	at com.galenframework.testng.GalenTestNgTestBase.quitDriver(GalenTestNgTestBase.java:57)
... Removed 25 stack frames]]>
    </failure>
  </testcase> <!-- @AfterMethod quitDriver -->
  <testcase name="@BeforeMethod initDriver" time="0.0" classname="com.mckinsey.galenframework.tests.MarvinSpacingTest">
    <skipped/>
  </testcase> <!-- @BeforeMethod initDriver -->
  <testcase name="@BeforeMethod initReport" time="0.0" classname="com.mckinsey.galenframework.tests.MarvinSpacingTest">
    <skipped/>
  </testcase> <!-- @BeforeMethod initReport -->
  <testcase name="@AfterMethod provideTestEndDate" time="0.0" classname="com.mckinsey.galenframework.tests.MarvinSpacingTest">
    <skipped/>
  </testcase> <!-- @AfterMethod provideTestEndDate -->
  <testcase name="@AfterMethod quitDriver" time="0.0" classname="com.mckinsey.galenframework.tests.MarvinSpacingTest">
    <failure type="java.lang.RuntimeException" message="The driver is not instantiated yet">
      <![CDATA[java.lang.RuntimeException: The driver is not instantiated yet
	at com.galenframework.support.GalenJavaTestBase.getDriver(GalenJavaTestBase.java:163)
	at com.galenframework.support.GalenJavaTestBase.quitDriver(GalenJavaTestBase.java:152)
	at com.galenframework.testng.GalenTestNgTestBase.quitDriver(GalenTestNgTestBase.java:57)
... Removed 25 stack frames]]>
    </failure>
  </testcase> <!-- @AfterMethod quitDriver -->
  <testcase name="@BeforeMethod initDriver" time="0.0" classname="com.mckinsey.galenframework.tests.MarvinSpacingTest">
    <skipped/>
  </testcase> <!-- @BeforeMethod initDriver -->
  <testcase name="@BeforeMethod initReport" time="0.0" classname="com.mckinsey.galenframework.tests.MarvinSpacingTest">
    <skipped/>
  </testcase> <!-- @BeforeMethod initReport -->
  <testcase name="@AfterMethod provideTestEndDate" time="0.0" classname="com.mckinsey.galenframework.tests.MarvinSpacingTest">
    <skipped/>
  </testcase> <!-- @AfterMethod provideTestEndDate -->
  <testcase name="@AfterMethod quitDriver" time="0.0" classname="com.mckinsey.galenframework.tests.MarvinSpacingTest">
    <failure type="java.lang.RuntimeException" message="The driver is not instantiated yet">
      <![CDATA[java.lang.RuntimeException: The driver is not instantiated yet
	at com.galenframework.support.GalenJavaTestBase.getDriver(GalenJavaTestBase.java:163)
	at com.galenframework.support.GalenJavaTestBase.quitDriver(GalenJavaTestBase.java:152)
	at com.galenframework.testng.GalenTestNgTestBase.quitDriver(GalenTestNgTestBase.java:57)
... Removed 25 stack frames]]>
    </failure>
  </testcase> <!-- @AfterMethod quitDriver -->
  <testcase name="@BeforeMethod initDriver" time="0.0" classname="com.mckinsey.galenframework.tests.MarvinSpacingTest">
    <skipped/>
  </testcase> <!-- @BeforeMethod initDriver -->
  <testcase name="@BeforeMethod initReport" time="0.0" classname="com.mckinsey.galenframework.tests.MarvinSpacingTest">
    <skipped/>
  </testcase> <!-- @BeforeMethod initReport -->
  <testcase name="@AfterMethod provideTestEndDate" time="0.0" classname="com.mckinsey.galenframework.tests.MarvinSpacingTest">
    <skipped/>
  </testcase> <!-- @AfterMethod provideTestEndDate -->
  <testcase name="@AfterMethod quitDriver" time="0.0" classname="com.mckinsey.galenframework.tests.MarvinSpacingTest">
    <failure type="java.lang.RuntimeException" message="The driver is not instantiated yet">
      <![CDATA[java.lang.RuntimeException: The driver is not instantiated yet
	at com.galenframework.support.GalenJavaTestBase.getDriver(GalenJavaTestBase.java:163)
	at com.galenframework.support.GalenJavaTestBase.quitDriver(GalenJavaTestBase.java:152)
	at com.galenframework.testng.GalenTestNgTestBase.quitDriver(GalenTestNgTestBase.java:57)
... Removed 25 stack frames]]>
    </failure>
  </testcase> <!-- @AfterMethod quitDriver -->
  <testcase name="@BeforeMethod initDriver" time="0.0" classname="com.mckinsey.galenframework.tests.MarvinSpacingTest">
    <skipped/>
  </testcase> <!-- @BeforeMethod initDriver -->
  <testcase name="@BeforeMethod initReport" time="0.0" classname="com.mckinsey.galenframework.tests.MarvinSpacingTest">
    <skipped/>
  </testcase> <!-- @BeforeMethod initReport -->
  <testcase name="@AfterMethod provideTestEndDate" time="0.0" classname="com.mckinsey.galenframework.tests.MarvinSpacingTest">
    <skipped/>
  </testcase> <!-- @AfterMethod provideTestEndDate -->
  <testcase name="@AfterMethod quitDriver" time="0.0" classname="com.mckinsey.galenframework.tests.MarvinSpacingTest">
    <failure type="java.lang.RuntimeException" message="The driver is not instantiated yet">
      <![CDATA[java.lang.RuntimeException: The driver is not instantiated yet
	at com.galenframework.support.GalenJavaTestBase.getDriver(GalenJavaTestBase.java:163)
	at com.galenframework.support.GalenJavaTestBase.quitDriver(GalenJavaTestBase.java:152)
	at com.galenframework.testng.GalenTestNgTestBase.quitDriver(GalenTestNgTestBase.java:57)
... Removed 25 stack frames]]>
    </failure>
  </testcase> <!-- @AfterMethod quitDriver -->
  <testcase name="@BeforeMethod initDriver" time="0.0" classname="com.mckinsey.galenframework.tests.MarvinSpacingTest">
    <skipped/>
  </testcase> <!-- @BeforeMethod initDriver -->
  <testcase name="@BeforeMethod initReport" time="0.0" classname="com.mckinsey.galenframework.tests.MarvinSpacingTest">
    <skipped/>
  </testcase> <!-- @BeforeMethod initReport -->
  <testcase name="@AfterMethod provideTestEndDate" time="0.0" classname="com.mckinsey.galenframework.tests.MarvinSpacingTest">
    <skipped/>
  </testcase> <!-- @AfterMethod provideTestEndDate -->
  <testcase name="@AfterMethod quitDriver" time="0.0" classname="com.mckinsey.galenframework.tests.MarvinSpacingTest">
    <failure type="java.lang.RuntimeException" message="The driver is not instantiated yet">
      <![CDATA[java.lang.RuntimeException: The driver is not instantiated yet
	at com.galenframework.support.GalenJavaTestBase.getDriver(GalenJavaTestBase.java:163)
	at com.galenframework.support.GalenJavaTestBase.quitDriver(GalenJavaTestBase.java:152)
	at com.galenframework.testng.GalenTestNgTestBase.quitDriver(GalenTestNgTestBase.java:57)
... Removed 25 stack frames]]>
    </failure>
  </testcase> <!-- @AfterMethod quitDriver -->
  <testcase name="@BeforeMethod initDriver" time="0.0" classname="com.mckinsey.galenframework.tests.JapanPageTest">
    <skipped/>
  </testcase> <!-- @BeforeMethod initDriver -->
  <testcase name="@BeforeMethod initReport" time="0.0" classname="com.mckinsey.galenframework.tests.JapanPageTest">
    <skipped/>
  </testcase> <!-- @BeforeMethod initReport -->
  <testcase name="@AfterMethod provideTestEndDate" time="0.0" classname="com.mckinsey.galenframework.tests.JapanPageTest">
    <skipped/>
  </testcase> <!-- @AfterMethod provideTestEndDate -->
  <testcase name="@AfterMethod quitDriver" time="0.0" classname="com.mckinsey.galenframework.tests.JapanPageTest">
    <failure type="java.lang.RuntimeException" message="The driver is not instantiated yet">
      <![CDATA[java.lang.RuntimeException: The driver is not instantiated yet
	at com.galenframework.support.GalenJavaTestBase.getDriver(GalenJavaTestBase.java:163)
	at com.galenframework.support.GalenJavaTestBase.quitDriver(GalenJavaTestBase.java:152)
	at com.galenframework.testng.GalenTestNgTestBase.quitDriver(GalenTestNgTestBase.java:57)
... Removed 25 stack frames]]>
    </failure>
  </testcase> <!-- @AfterMethod quitDriver -->
  <testcase name="@BeforeMethod initDriver" time="0.0" classname="com.mckinsey.galenframework.tests.JapanPageTest">
    <skipped/>
  </testcase> <!-- @BeforeMethod initDriver -->
  <testcase name="@BeforeMethod initReport" time="0.0" classname="com.mckinsey.galenframework.tests.JapanPageTest">
    <skipped/>
  </testcase> <!-- @BeforeMethod initReport -->
  <testcase name="@AfterMethod provideTestEndDate" time="0.0" classname="com.mckinsey.galenframework.tests.JapanPageTest">
    <skipped/>
  </testcase> <!-- @AfterMethod provideTestEndDate -->
  <testcase name="@AfterMethod quitDriver" time="0.0" classname="com.mckinsey.galenframework.tests.JapanPageTest">
    <failure type="java.lang.RuntimeException" message="The driver is not instantiated yet">
      <![CDATA[java.lang.RuntimeException: The driver is not instantiated yet
	at com.galenframework.support.GalenJavaTestBase.getDriver(GalenJavaTestBase.java:163)
	at com.galenframework.support.GalenJavaTestBase.quitDriver(GalenJavaTestBase.java:152)
	at com.galenframework.testng.GalenTestNgTestBase.quitDriver(GalenTestNgTestBase.java:57)
... Removed 25 stack frames]]>
    </failure>
  </testcase> <!-- @AfterMethod quitDriver -->
  <testcase name="@BeforeMethod initDriver" time="0.0" classname="com.mckinsey.galenframework.tests.JapanPageTest">
    <skipped/>
  </testcase> <!-- @BeforeMethod initDriver -->
  <testcase name="@BeforeMethod initReport" time="0.0" classname="com.mckinsey.galenframework.tests.JapanPageTest">
    <skipped/>
  </testcase> <!-- @BeforeMethod initReport -->
  <testcase name="@AfterMethod provideTestEndDate" time="0.0" classname="com.mckinsey.galenframework.tests.JapanPageTest">
    <skipped/>
  </testcase> <!-- @AfterMethod provideTestEndDate -->
  <testcase name="@AfterMethod quitDriver" time="0.0" classname="com.mckinsey.galenframework.tests.JapanPageTest">
    <failure type="java.lang.RuntimeException" message="The driver is not instantiated yet">
      <![CDATA[java.lang.RuntimeException: The driver is not instantiated yet
	at com.galenframework.support.GalenJavaTestBase.getDriver(GalenJavaTestBase.java:163)
	at com.galenframework.support.GalenJavaTestBase.quitDriver(GalenJavaTestBase.java:152)
	at com.galenframework.testng.GalenTestNgTestBase.quitDriver(GalenTestNgTestBase.java:57)
... Removed 25 stack frames]]>
    </failure>
  </testcase> <!-- @AfterMethod quitDriver -->
  <testcase name="@BeforeMethod initDriver" time="0.0" classname="com.mckinsey.galenframework.tests.JapanPageTest">
    <skipped/>
  </testcase> <!-- @BeforeMethod initDriver -->
  <testcase name="@BeforeMethod initReport" time="0.0" classname="com.mckinsey.galenframework.tests.JapanPageTest">
    <skipped/>
  </testcase> <!-- @BeforeMethod initReport -->
  <testcase name="@AfterMethod provideTestEndDate" time="0.0" classname="com.mckinsey.galenframework.tests.JapanPageTest">
    <skipped/>
  </testcase> <!-- @AfterMethod provideTestEndDate -->
  <testcase name="@AfterMethod quitDriver" time="0.0" classname="com.mckinsey.galenframework.tests.JapanPageTest">
    <failure type="java.lang.RuntimeException" message="The driver is not instantiated yet">
      <![CDATA[java.lang.RuntimeException: The driver is not instantiated yet
	at com.galenframework.support.GalenJavaTestBase.getDriver(GalenJavaTestBase.java:163)
	at com.galenframework.support.GalenJavaTestBase.quitDriver(GalenJavaTestBase.java:152)
	at com.galenframework.testng.GalenTestNgTestBase.quitDriver(GalenTestNgTestBase.java:57)
... Removed 25 stack frames]]>
    </failure>
  </testcase> <!-- @AfterMethod quitDriver -->
  <testcase name="@BeforeMethod initDriver" time="0.0" classname="com.mckinsey.galenframework.tests.JapanPageTest">
    <skipped/>
  </testcase> <!-- @BeforeMethod initDriver -->
  <testcase name="@BeforeMethod initReport" time="0.0" classname="com.mckinsey.galenframework.tests.JapanPageTest">
    <skipped/>
  </testcase> <!-- @BeforeMethod initReport -->
  <testcase name="@AfterMethod provideTestEndDate" time="0.0" classname="com.mckinsey.galenframework.tests.JapanPageTest">
    <skipped/>
  </testcase> <!-- @AfterMethod provideTestEndDate -->
  <testcase name="@AfterMethod quitDriver" time="0.0" classname="com.mckinsey.galenframework.tests.JapanPageTest">
    <failure type="java.lang.RuntimeException" message="The driver is not instantiated yet">
      <![CDATA[java.lang.RuntimeException: The driver is not instantiated yet
	at com.galenframework.support.GalenJavaTestBase.getDriver(GalenJavaTestBase.java:163)
	at com.galenframework.support.GalenJavaTestBase.quitDriver(GalenJavaTestBase.java:152)
	at com.galenframework.testng.GalenTestNgTestBase.quitDriver(GalenTestNgTestBase.java:57)
... Removed 25 stack frames]]>
    </failure>
  </testcase> <!-- @AfterMethod quitDriver -->
  <testcase name="@BeforeMethod initDriver" time="0.0" classname="com.mckinsey.galenframework.tests.JapanPageTest">
    <skipped/>
  </testcase> <!-- @BeforeMethod initDriver -->
  <testcase name="@BeforeMethod initReport" time="0.0" classname="com.mckinsey.galenframework.tests.JapanPageTest">
    <skipped/>
  </testcase> <!-- @BeforeMethod initReport -->
  <testcase name="@AfterMethod provideTestEndDate" time="0.0" classname="com.mckinsey.galenframework.tests.JapanPageTest">
    <skipped/>
  </testcase> <!-- @AfterMethod provideTestEndDate -->
  <testcase name="@AfterMethod quitDriver" time="0.0" classname="com.mckinsey.galenframework.tests.JapanPageTest">
    <failure type="java.lang.RuntimeException" message="The driver is not instantiated yet">
      <![CDATA[java.lang.RuntimeException: The driver is not instantiated yet
	at com.galenframework.support.GalenJavaTestBase.getDriver(GalenJavaTestBase.java:163)
	at com.galenframework.support.GalenJavaTestBase.quitDriver(GalenJavaTestBase.java:152)
	at com.galenframework.testng.GalenTestNgTestBase.quitDriver(GalenTestNgTestBase.java:57)
... Removed 25 stack frames]]>
    </failure>
  </testcase> <!-- @AfterMethod quitDriver -->
  <testcase name="@BeforeMethod initDriver" time="0.0" classname="com.mckinsey.galenframework.tests.RtlValidationTest">
    <skipped/>
  </testcase> <!-- @BeforeMethod initDriver -->
  <testcase name="@BeforeMethod initReport" time="0.0" classname="com.mckinsey.galenframework.tests.RtlValidationTest">
    <skipped/>
  </testcase> <!-- @BeforeMethod initReport -->
  <testcase name="@AfterMethod provideTestEndDate" time="0.0" classname="com.mckinsey.galenframework.tests.RtlValidationTest">
    <skipped/>
  </testcase> <!-- @AfterMethod provideTestEndDate -->
  <testcase name="@AfterMethod quitDriver" time="0.0" classname="com.mckinsey.galenframework.tests.RtlValidationTest">
    <failure type="java.lang.RuntimeException" message="The driver is not instantiated yet">
      <![CDATA[java.lang.RuntimeException: The driver is not instantiated yet
	at com.galenframework.support.GalenJavaTestBase.getDriver(GalenJavaTestBase.java:163)
	at com.galenframework.support.GalenJavaTestBase.quitDriver(GalenJavaTestBase.java:152)
	at com.galenframework.testng.GalenTestNgTestBase.quitDriver(GalenTestNgTestBase.java:57)
... Removed 25 stack frames]]>
    </failure>
  </testcase> <!-- @AfterMethod quitDriver -->
  <testcase name="@BeforeMethod initDriver" time="0.0" classname="com.mckinsey.galenframework.tests.RtlValidationTest">
    <skipped/>
  </testcase> <!-- @BeforeMethod initDriver -->
  <testcase name="@BeforeMethod initReport" time="0.0" classname="com.mckinsey.galenframework.tests.RtlValidationTest">
    <skipped/>
  </testcase> <!-- @BeforeMethod initReport -->
  <testcase name="@AfterMethod provideTestEndDate" time="0.0" classname="com.mckinsey.galenframework.tests.RtlValidationTest">
    <skipped/>
  </testcase> <!-- @AfterMethod provideTestEndDate -->
  <testcase name="@AfterMethod quitDriver" time="0.0" classname="com.mckinsey.galenframework.tests.RtlValidationTest">
    <failure type="java.lang.RuntimeException" message="The driver is not instantiated yet">
      <![CDATA[java.lang.RuntimeException: The driver is not instantiated yet
	at com.galenframework.support.GalenJavaTestBase.getDriver(GalenJavaTestBase.java:163)
	at com.galenframework.support.GalenJavaTestBase.quitDriver(GalenJavaTestBase.java:152)
	at com.galenframework.testng.GalenTestNgTestBase.quitDriver(GalenTestNgTestBase.java:57)
... Removed 25 stack frames]]>
    </failure>
  </testcase> <!-- @AfterMethod quitDriver -->
  <testcase name="@BeforeMethod initDriver" time="0.0" classname="com.mckinsey.galenframework.tests.RtlValidationTest">
    <skipped/>
  </testcase> <!-- @BeforeMethod initDriver -->
  <testcase name="@BeforeMethod initReport" time="0.0" classname="com.mckinsey.galenframework.tests.RtlValidationTest">
    <skipped/>
  </testcase> <!-- @BeforeMethod initReport -->
  <testcase name="@AfterMethod provideTestEndDate" time="0.0" classname="com.mckinsey.galenframework.tests.RtlValidationTest">
    <skipped/>
  </testcase> <!-- @AfterMethod provideTestEndDate -->
  <testcase name="@AfterMethod quitDriver" time="0.0" classname="com.mckinsey.galenframework.tests.RtlValidationTest">
    <failure type="java.lang.RuntimeException" message="The driver is not instantiated yet">
      <![CDATA[java.lang.RuntimeException: The driver is not instantiated yet
	at com.galenframework.support.GalenJavaTestBase.getDriver(GalenJavaTestBase.java:163)
	at com.galenframework.support.GalenJavaTestBase.quitDriver(GalenJavaTestBase.java:152)
	at com.galenframework.testng.GalenTestNgTestBase.quitDriver(GalenTestNgTestBase.java:57)
... Removed 25 stack frames]]>
    </failure>
  </testcase> <!-- @AfterMethod quitDriver -->
  <testcase name="@BeforeMethod initDriver" time="0.0" classname="com.mckinsey.galenframework.tests.UniversalHeaderPageTest">
    <skipped/>
  </testcase> <!-- @BeforeMethod initDriver -->
  <testcase name="@BeforeMethod initReport" time="0.0" classname="com.mckinsey.galenframework.tests.UniversalHeaderPageTest">
    <skipped/>
  </testcase> <!-- @BeforeMethod initReport -->
  <testcase name="@AfterMethod provideTestEndDate" time="0.0" classname="com.mckinsey.galenframework.tests.UniversalHeaderPageTest">
    <skipped/>
  </testcase> <!-- @AfterMethod provideTestEndDate -->
  <testcase name="@AfterMethod quitDriver" time="0.0" classname="com.mckinsey.galenframework.tests.UniversalHeaderPageTest">
    <failure type="java.lang.RuntimeException" message="The driver is not instantiated yet">
      <![CDATA[java.lang.RuntimeException: The driver is not instantiated yet
	at com.galenframework.support.GalenJavaTestBase.getDriver(GalenJavaTestBase.java:163)
	at com.galenframework.support.GalenJavaTestBase.quitDriver(GalenJavaTestBase.java:152)
	at com.galenframework.testng.GalenTestNgTestBase.quitDriver(GalenTestNgTestBase.java:57)
... Removed 25 stack frames]]>
    </failure>
  </testcase> <!-- @AfterMethod quitDriver -->
  <testcase name="@BeforeMethod initDriver" time="0.0" classname="com.mckinsey.galenframework.tests.UniversalHeaderPageTest">
    <skipped/>
  </testcase> <!-- @BeforeMethod initDriver -->
  <testcase name="@BeforeMethod initReport" time="0.0" classname="com.mckinsey.galenframework.tests.UniversalHeaderPageTest">
    <skipped/>
  </testcase> <!-- @BeforeMethod initReport -->
  <testcase name="@AfterMethod provideTestEndDate" time="0.0" classname="com.mckinsey.galenframework.tests.UniversalHeaderPageTest">
    <skipped/>
  </testcase> <!-- @AfterMethod provideTestEndDate -->
  <testcase name="@AfterMethod quitDriver" time="0.0" classname="com.mckinsey.galenframework.tests.UniversalHeaderPageTest">
    <failure type="java.lang.RuntimeException" message="The driver is not instantiated yet">
      <![CDATA[java.lang.RuntimeException: The driver is not instantiated yet
	at com.galenframework.support.GalenJavaTestBase.getDriver(GalenJavaTestBase.java:163)
	at com.galenframework.support.GalenJavaTestBase.quitDriver(GalenJavaTestBase.java:152)
	at com.galenframework.testng.GalenTestNgTestBase.quitDriver(GalenTestNgTestBase.java:57)
... Removed 25 stack frames]]>
    </failure>
  </testcase> <!-- @AfterMethod quitDriver -->
  <testcase name="@BeforeMethod initDriver" time="0.0" classname="com.mckinsey.galenframework.tests.UniversalHeaderPageTest">
    <skipped/>
  </testcase> <!-- @BeforeMethod initDriver -->
  <testcase name="@BeforeMethod initReport" time="0.0" classname="com.mckinsey.galenframework.tests.UniversalHeaderPageTest">
    <skipped/>
  </testcase> <!-- @BeforeMethod initReport -->
  <testcase name="@AfterMethod provideTestEndDate" time="0.0" classname="com.mckinsey.galenframework.tests.UniversalHeaderPageTest">
    <skipped/>
  </testcase> <!-- @AfterMethod provideTestEndDate -->
  <testcase name="@AfterMethod quitDriver" time="0.0" classname="com.mckinsey.galenframework.tests.UniversalHeaderPageTest">
    <failure type="java.lang.RuntimeException" message="The driver is not instantiated yet">
      <![CDATA[java.lang.RuntimeException: The driver is not instantiated yet
	at com.galenframework.support.GalenJavaTestBase.getDriver(GalenJavaTestBase.java:163)
	at com.galenframework.support.GalenJavaTestBase.quitDriver(GalenJavaTestBase.java:152)
	at com.galenframework.testng.GalenTestNgTestBase.quitDriver(GalenTestNgTestBase.java:57)
... Removed 25 stack frames]]>
    </failure>
  </testcase> <!-- @AfterMethod quitDriver -->
  <testcase name="@BeforeMethod initDriver" time="0.0" classname="com.mckinsey.galenframework.tests.UniversalHeaderPageTest">
    <skipped/>
  </testcase> <!-- @BeforeMethod initDriver -->
  <testcase name="@BeforeMethod initReport" time="0.0" classname="com.mckinsey.galenframework.tests.UniversalHeaderPageTest">
    <skipped/>
  </testcase> <!-- @BeforeMethod initReport -->
  <testcase name="@AfterMethod provideTestEndDate" time="0.0" classname="com.mckinsey.galenframework.tests.UniversalHeaderPageTest">
    <skipped/>
  </testcase> <!-- @AfterMethod provideTestEndDate -->
  <testcase name="@AfterMethod quitDriver" time="0.0" classname="com.mckinsey.galenframework.tests.UniversalHeaderPageTest">
    <failure type="java.lang.RuntimeException" message="The driver is not instantiated yet">
      <![CDATA[java.lang.RuntimeException: The driver is not instantiated yet
	at com.galenframework.support.GalenJavaTestBase.getDriver(GalenJavaTestBase.java:163)
	at com.galenframework.support.GalenJavaTestBase.quitDriver(GalenJavaTestBase.java:152)
	at com.galenframework.testng.GalenTestNgTestBase.quitDriver(GalenTestNgTestBase.java:57)
... Removed 25 stack frames]]>
    </failure>
  </testcase> <!-- @AfterMethod quitDriver -->
  <testcase name="@BeforeMethod initDriver" time="0.0" classname="com.mckinsey.galenframework.tests.UniversalHeaderPageTest">
    <skipped/>
  </testcase> <!-- @BeforeMethod initDriver -->
  <testcase name="@BeforeMethod initReport" time="0.0" classname="com.mckinsey.galenframework.tests.UniversalHeaderPageTest">
    <skipped/>
  </testcase> <!-- @BeforeMethod initReport -->
  <testcase name="@AfterMethod provideTestEndDate" time="0.0" classname="com.mckinsey.galenframework.tests.UniversalHeaderPageTest">
    <skipped/>
  </testcase> <!-- @AfterMethod provideTestEndDate -->
  <testcase name="@AfterMethod quitDriver" time="0.0" classname="com.mckinsey.galenframework.tests.UniversalHeaderPageTest">
    <failure type="java.lang.RuntimeException" message="The driver is not instantiated yet">
      <![CDATA[java.lang.RuntimeException: The driver is not instantiated yet
	at com.galenframework.support.GalenJavaTestBase.getDriver(GalenJavaTestBase.java:163)
	at com.galenframework.support.GalenJavaTestBase.quitDriver(GalenJavaTestBase.java:152)
	at com.galenframework.testng.GalenTestNgTestBase.quitDriver(GalenTestNgTestBase.java:57)
... Removed 25 stack frames]]>
    </failure>
  </testcase> <!-- @AfterMethod quitDriver -->
  <testcase name="@BeforeMethod initDriver" time="0.0" classname="com.mckinsey.galenframework.tests.UniversalHeaderPageTest">
    <skipped/>
  </testcase> <!-- @BeforeMethod initDriver -->
  <testcase name="@BeforeMethod initReport" time="0.0" classname="com.mckinsey.galenframework.tests.UniversalHeaderPageTest">
    <skipped/>
  </testcase> <!-- @BeforeMethod initReport -->
  <testcase name="@AfterMethod provideTestEndDate" time="0.0" classname="com.mckinsey.galenframework.tests.UniversalHeaderPageTest">
    <skipped/>
  </testcase> <!-- @AfterMethod provideTestEndDate -->
  <testcase name="@AfterMethod quitDriver" time="0.0" classname="com.mckinsey.galenframework.tests.UniversalHeaderPageTest">
    <failure type="java.lang.RuntimeException" message="The driver is not instantiated yet">
      <![CDATA[java.lang.RuntimeException: The driver is not instantiated yet
	at com.galenframework.support.GalenJavaTestBase.getDriver(GalenJavaTestBase.java:163)
	at com.galenframework.support.GalenJavaTestBase.quitDriver(GalenJavaTestBase.java:152)
	at com.galenframework.testng.GalenTestNgTestBase.quitDriver(GalenTestNgTestBase.java:57)
... Removed 25 stack frames]]>
    </failure>
  </testcase> <!-- @AfterMethod quitDriver -->
  <testcase name="@BeforeMethod initDriver" time="0.0" classname="com.mckinsey.galenframework.tests.AccordianTest">
    <skipped/>
  </testcase> <!-- @BeforeMethod initDriver -->
  <testcase name="@BeforeMethod initReport" time="0.0" classname="com.mckinsey.galenframework.tests.AccordianTest">
    <skipped/>
  </testcase> <!-- @BeforeMethod initReport -->
  <testcase name="@AfterMethod provideTestEndDate" time="0.0" classname="com.mckinsey.galenframework.tests.AccordianTest">
    <skipped/>
  </testcase> <!-- @AfterMethod provideTestEndDate -->
  <testcase name="@AfterMethod quitDriver" time="0.0" classname="com.mckinsey.galenframework.tests.AccordianTest">
    <failure type="java.lang.RuntimeException" message="The driver is not instantiated yet">
      <![CDATA[java.lang.RuntimeException: The driver is not instantiated yet
	at com.galenframework.support.GalenJavaTestBase.getDriver(GalenJavaTestBase.java:163)
	at com.galenframework.support.GalenJavaTestBase.quitDriver(GalenJavaTestBase.java:152)
	at com.galenframework.testng.GalenTestNgTestBase.quitDriver(GalenTestNgTestBase.java:57)
... Removed 25 stack frames]]>
    </failure>
  </testcase> <!-- @AfterMethod quitDriver -->
  <testcase name="@BeforeMethod initDriver" time="0.0" classname="com.mckinsey.galenframework.tests.AccordianTest">
    <skipped/>
  </testcase> <!-- @BeforeMethod initDriver -->
  <testcase name="@BeforeMethod initReport" time="0.0" classname="com.mckinsey.galenframework.tests.AccordianTest">
    <skipped/>
  </testcase> <!-- @BeforeMethod initReport -->
  <testcase name="@AfterMethod provideTestEndDate" time="0.0" classname="com.mckinsey.galenframework.tests.AccordianTest">
    <skipped/>
  </testcase> <!-- @AfterMethod provideTestEndDate -->
  <testcase name="@AfterMethod quitDriver" time="0.0" classname="com.mckinsey.galenframework.tests.AccordianTest">
    <failure type="java.lang.RuntimeException" message="The driver is not instantiated yet">
      <![CDATA[java.lang.RuntimeException: The driver is not instantiated yet
	at com.galenframework.support.GalenJavaTestBase.getDriver(GalenJavaTestBase.java:163)
	at com.galenframework.support.GalenJavaTestBase.quitDriver(GalenJavaTestBase.java:152)
	at com.galenframework.testng.GalenTestNgTestBase.quitDriver(GalenTestNgTestBase.java:57)
... Removed 25 stack frames]]>
    </failure>
  </testcase> <!-- @AfterMethod quitDriver -->
  <testcase name="@BeforeMethod initDriver" time="0.0" classname="com.mckinsey.galenframework.tests.AccordianTest">
    <skipped/>
  </testcase> <!-- @BeforeMethod initDriver -->
  <testcase name="@BeforeMethod initReport" time="0.0" classname="com.mckinsey.galenframework.tests.AccordianTest">
    <skipped/>
  </testcase> <!-- @BeforeMethod initReport -->
  <testcase name="@AfterMethod provideTestEndDate" time="0.0" classname="com.mckinsey.galenframework.tests.AccordianTest">
    <skipped/>
  </testcase> <!-- @AfterMethod provideTestEndDate -->
  <testcase name="@AfterMethod quitDriver" time="0.0" classname="com.mckinsey.galenframework.tests.AccordianTest">
    <failure type="java.lang.RuntimeException" message="The driver is not instantiated yet">
      <![CDATA[java.lang.RuntimeException: The driver is not instantiated yet
	at com.galenframework.support.GalenJavaTestBase.getDriver(GalenJavaTestBase.java:163)
	at com.galenframework.support.GalenJavaTestBase.quitDriver(GalenJavaTestBase.java:152)
	at com.galenframework.testng.GalenTestNgTestBase.quitDriver(GalenTestNgTestBase.java:57)
... Removed 25 stack frames]]>
    </failure>
  </testcase> <!-- @AfterMethod quitDriver -->
  <testcase name="homePageOnDesktop" time="0.003" classname="com.mckinsey.galenframework.tests.HomePageTest">
    <skipped/>
  </testcase> <!-- homePageOnDesktop -->
  <testcase name="homePageOnMobile" time="0.003" classname="com.mckinsey.galenframework.tests.HomePageTest">
    <skipped/>
  </testcase> <!-- homePageOnMobile -->
  <testcase name="homePageOnTablet" time="0.002" classname="com.mckinsey.galenframework.tests.HomePageTest">
    <skipped/>
  </testcase> <!-- homePageOnTablet -->
  <testcase name="careersSearchPage_onDesktop" time="0.005" classname="com.mckinsey.galenframework.tests.CareersSearchPageTest">
    <skipped/>
  </testcase> <!-- careersSearchPage_onDesktop -->
  <testcase name="careersSearchPage_onMobile" time="0.011" classname="com.mckinsey.galenframework.tests.CareersSearchPageTest">
    <skipped/>
  </testcase> <!-- careersSearchPage_onMobile -->
  <testcase name="careersSearchPage_onTablet" time="0.002" classname="com.mckinsey.galenframework.tests.CareersSearchPageTest">
    <skipped/>
  </testcase> <!-- careersSearchPage_onTablet -->
  <testcase name="careersHomePageOnDesktop" time="0.005" classname="com.mckinsey.galenframework.tests.CareersHomePageTest">
    <skipped/>
  </testcase> <!-- careersHomePageOnDesktop -->
  <testcase name="careersHomePageOnMobile" time="0.002" classname="com.mckinsey.galenframework.tests.CareersHomePageTest">
    <skipped/>
  </testcase> <!-- careersHomePageOnMobile -->
  <testcase name="careersHomePageOnTablet" time="0.001" classname="com.mckinsey.galenframework.tests.CareersHomePageTest">
    <skipped/>
  </testcase> <!-- careersHomePageOnTablet -->
  <testcase name="careersInterviewingOnDesktop" time="0.001" classname="com.mckinsey.galenframework.tests.MarvinSpacingTest">
    <skipped/>
  </testcase> <!-- careersInterviewingOnDesktop -->
  <testcase name="careersInterviewingOnMobile" time="0.003" classname="com.mckinsey.galenframework.tests.MarvinSpacingTest">
    <skipped/>
  </testcase> <!-- careersInterviewingOnMobile -->
  <testcase name="careersInterviewingOnTablet" time="0.01" classname="com.mckinsey.galenframework.tests.MarvinSpacingTest">
    <skipped/>
  </testcase> <!-- careersInterviewingOnTablet -->
  <testcase name="careersOurPeopleOnDesktop" time="0.001" classname="com.mckinsey.galenframework.tests.MarvinSpacingTest">
    <skipped/>
  </testcase> <!-- careersOurPeopleOnDesktop -->
  <testcase name="careersOurPeopleOnMobile" time="0.001" classname="com.mckinsey.galenframework.tests.MarvinSpacingTest">
    <skipped/>
  </testcase> <!-- careersOurPeopleOnMobile -->
  <testcase name="careersOurPeopleOnTablet" time="0.001" classname="com.mckinsey.galenframework.tests.MarvinSpacingTest">
    <skipped/>
  </testcase> <!-- careersOurPeopleOnTablet -->
  <testcase name="collectionHeroOnDesktop" time="0.002" classname="com.mckinsey.galenframework.tests.MarvinSpacingTest">
    <skipped/>
  </testcase> <!-- collectionHeroOnDesktop -->
  <testcase name="collectionHeroOnMobile" time="0.002" classname="com.mckinsey.galenframework.tests.MarvinSpacingTest">
    <skipped/>
  </testcase> <!-- collectionHeroOnMobile -->
  <testcase name="collectionHeroOnTablet" time="0.003" classname="com.mckinsey.galenframework.tests.MarvinSpacingTest">
    <skipped/>
  </testcase> <!-- collectionHeroOnTablet -->
  <testcase name="digitalOurPeopleOnDesktop" time="0.001" classname="com.mckinsey.galenframework.tests.MarvinSpacingTest">
    <skipped/>
  </testcase> <!-- digitalOurPeopleOnDesktop -->
  <testcase name="digitalOurPeopleOnMobile" time="0.037" classname="com.mckinsey.galenframework.tests.MarvinSpacingTest">
    <skipped/>
  </testcase> <!-- digitalOurPeopleOnMobile -->
  <testcase name="digitalOurPeopleOnTablet" time="0.003" classname="com.mckinsey.galenframework.tests.MarvinSpacingTest">
    <skipped/>
  </testcase> <!-- digitalOurPeopleOnTablet -->
  <testcase name="enhancedHeroIntroCopyOnDesktop" time="0.009" classname="com.mckinsey.galenframework.tests.MarvinSpacingTest">
    <skipped/>
  </testcase> <!-- enhancedHeroIntroCopyOnDesktop -->
  <testcase name="enhancedHeroOnDesktop" time="0.005" classname="com.mckinsey.galenframework.tests.MarvinSpacingTest">
    <skipped/>
  </testcase> <!-- enhancedHeroOnDesktop -->
  <testcase name="enhancedHeroOnMobile" time="0.002" classname="com.mckinsey.galenframework.tests.MarvinSpacingTest">
    <skipped/>
  </testcase> <!-- enhancedHeroOnMobile -->
  <testcase name="enhancedHeroOnTablet" time="0.004" classname="com.mckinsey.galenframework.tests.MarvinSpacingTest">
    <skipped/>
  </testcase> <!-- enhancedHeroOnTablet -->
  <testcase name="fullTextCModuleOnDesktop" time="0.001" classname="com.mckinsey.galenframework.tests.MarvinSpacingTest">
    <skipped/>
  </testcase> <!-- fullTextCModuleOnDesktop -->
  <testcase name="fullTextCModuleOnMobile" time="0.022" classname="com.mckinsey.galenframework.tests.MarvinSpacingTest">
    <skipped/>
  </testcase> <!-- fullTextCModuleOnMobile -->
  <testcase name="fullTextCModuleOnTablet" time="0.003" classname="com.mckinsey.galenframework.tests.MarvinSpacingTest">
    <skipped/>
  </testcase> <!-- fullTextCModuleOnTablet -->
  <testcase name="homePageOnDesktop" time="0.011" classname="com.mckinsey.galenframework.tests.MarvinSpacingTest">
    <skipped/>
  </testcase> <!-- homePageOnDesktop -->
  <testcase name="homePageOnMobile" time="0.003" classname="com.mckinsey.galenframework.tests.MarvinSpacingTest">
    <skipped/>
  </testcase> <!-- homePageOnMobile -->
  <testcase name="homePageOnTablet" time="0.001" classname="com.mckinsey.galenframework.tests.MarvinSpacingTest">
    <skipped/>
  </testcase> <!-- homePageOnTablet -->
  <testcase name="hoverBodyLinksOnAllDevices" time="0.003" classname="com.mckinsey.galenframework.tests.MarvinSpacingTest">
    <skipped/>
  </testcase> <!-- hoverBodyLinksOnAllDevices -->
  <testcase name="hoverBodyLinksOnAllDevices" time="0.001" classname="com.mckinsey.galenframework.tests.MarvinSpacingTest">
    <skipped/>
  </testcase> <!-- hoverBodyLinksOnAllDevices -->
  <testcase name="hoverBodyLinksOnAllDevices" time="0.001" classname="com.mckinsey.galenframework.tests.MarvinSpacingTest">
    <skipped/>
  </testcase> <!-- hoverBodyLinksOnAllDevices -->
  <testcase name="imageCaptionOnDesktop" time="0.0" classname="com.mckinsey.galenframework.tests.MarvinSpacingTest">
    <skipped/>
  </testcase> <!-- imageCaptionOnDesktop -->
  <testcase name="imageCaptionOnMobile" time="0.002" classname="com.mckinsey.galenframework.tests.MarvinSpacingTest">
    <skipped/>
  </testcase> <!-- imageCaptionOnMobile -->
  <testcase name="imageCaptionOnTablet" time="0.001" classname="com.mckinsey.galenframework.tests.MarvinSpacingTest">
    <skipped/>
  </testcase> <!-- imageCaptionOnTablet -->
  <testcase name="introCopyCOnDesktop" time="0.0" classname="com.mckinsey.galenframework.tests.MarvinSpacingTest">
    <skipped/>
  </testcase> <!-- introCopyCOnDesktop -->
  <testcase name="introCopyCOnMobile" time="0.0" classname="com.mckinsey.galenframework.tests.MarvinSpacingTest">
    <skipped/>
  </testcase> <!-- introCopyCOnMobile -->
  <testcase name="introCopyCOnTablet" time="0.001" classname="com.mckinsey.galenframework.tests.MarvinSpacingTest">
    <skipped/>
  </testcase> <!-- introCopyCOnTablet -->
  <testcase name="multimediaHeroOnDesktop" time="0.004" classname="com.mckinsey.galenframework.tests.MarvinSpacingTest">
    <skipped/>
  </testcase> <!-- multimediaHeroOnDesktop -->
  <testcase name="multimediaHeroOnOnMobile" time="0.001" classname="com.mckinsey.galenframework.tests.MarvinSpacingTest">
    <skipped/>
  </testcase> <!-- multimediaHeroOnOnMobile -->
  <testcase name="multimediaHeroOnOnTablet" time="0.0" classname="com.mckinsey.galenframework.tests.MarvinSpacingTest">
    <skipped/>
  </testcase> <!-- multimediaHeroOnOnTablet -->
  <testcase name="noSpacingCollapsePageOnDesktop" time="0.001" classname="com.mckinsey.galenframework.tests.MarvinSpacingTest">
    <skipped/>
  </testcase> <!-- noSpacingCollapsePageOnDesktop -->
  <testcase name="noSpacingCollapsePageOnMobile" time="0.0" classname="com.mckinsey.galenframework.tests.MarvinSpacingTest">
    <skipped/>
  </testcase> <!-- noSpacingCollapsePageOnMobile -->
  <testcase name="noSpacingCollapsePageOnTablet" time="0.005" classname="com.mckinsey.galenframework.tests.MarvinSpacingTest">
    <skipped/>
  </testcase> <!-- noSpacingCollapsePageOnTablet -->
  <testcase name="ourInsightsOnDesktop" time="0.0" classname="com.mckinsey.galenframework.tests.MarvinSpacingTest">
    <skipped/>
  </testcase> <!-- ourInsightsOnDesktop -->
  <testcase name="profileTemplateOnDesktop" time="0.0" classname="com.mckinsey.galenframework.tests.MarvinSpacingTest">
    <skipped/>
  </testcase> <!-- profileTemplateOnDesktop -->
  <testcase name="profileTemplateOnDesktop" time="0.002" classname="com.mckinsey.galenframework.tests.MarvinSpacingTest">
    <skipped/>
  </testcase> <!-- profileTemplateOnDesktop -->
  <testcase name="profileTemplateOnDesktop" time="0.001" classname="com.mckinsey.galenframework.tests.MarvinSpacingTest">
    <skipped/>
  </testcase> <!-- profileTemplateOnDesktop -->
  <testcase name="promoBarWithQuoteAndVideoCModuleOnDesktop" time="0.005" classname="com.mckinsey.galenframework.tests.MarvinSpacingTest">
    <skipped/>
  </testcase> <!-- promoBarWithQuoteAndVideoCModuleOnDesktop -->
  <testcase name="promoBarWithQuoteAndVideoCModuleOnMobile" time="0.0" classname="com.mckinsey.galenframework.tests.MarvinSpacingTest">
    <skipped/>
  </testcase> <!-- promoBarWithQuoteAndVideoCModuleOnMobile -->
  <testcase name="promoBarWithQuoteAndVideoCModuleOnTablet" time="0.005" classname="com.mckinsey.galenframework.tests.MarvinSpacingTest">
    <skipped/>
  </testcase> <!-- promoBarWithQuoteAndVideoCModuleOnTablet -->
  <testcase name="sectionTitleOnAllDevices" time="0.001" classname="com.mckinsey.galenframework.tests.MarvinSpacingTest">
    <skipped/>
  </testcase> <!-- sectionTitleOnAllDevices -->
  <testcase name="sectionTitleOnAllDevices" time="0.003" classname="com.mckinsey.galenframework.tests.MarvinSpacingTest">
    <skipped/>
  </testcase> <!-- sectionTitleOnAllDevices -->
  <testcase name="sectionTitleOnAllDevices" time="0.0" classname="com.mckinsey.galenframework.tests.MarvinSpacingTest">
    <skipped/>
  </testcase> <!-- sectionTitleOnAllDevices -->
  <testcase name="stackableUPModulesOnDesktop" time="0.001" classname="com.mckinsey.galenframework.tests.MarvinSpacingTest">
    <skipped/>
  </testcase> <!-- stackableUPModulesOnDesktop -->
  <testcase name="stackableUPModulesOnMobile" time="0.0" classname="com.mckinsey.galenframework.tests.MarvinSpacingTest">
    <skipped/>
  </testcase> <!-- stackableUPModulesOnMobile -->
  <testcase name="stackableUPModulesOnTablet" time="0.001" classname="com.mckinsey.galenframework.tests.MarvinSpacingTest">
    <skipped/>
  </testcase> <!-- stackableUPModulesOnTablet -->
  <testcase name="standAlonePromoWithGlobalFooterOnDesktop" time="0.0" classname="com.mckinsey.galenframework.tests.MarvinSpacingTest">
    <skipped/>
  </testcase> <!-- standAlonePromoWithGlobalFooterOnDesktop -->
  <testcase name="standAlonePromoWithGlobalFooterOnMobile" time="0.019" classname="com.mckinsey.galenframework.tests.MarvinSpacingTest">
    <skipped/>
  </testcase> <!-- standAlonePromoWithGlobalFooterOnMobile -->
  <testcase name="standAlonePromoWithGlobalFooterOnTablet" time="0.001" classname="com.mckinsey.galenframework.tests.MarvinSpacingTest">
    <skipped/>
  </testcase> <!-- standAlonePromoWithGlobalFooterOnTablet -->
  <testcase name="universalHeroOnDesktop" time="0.002" classname="com.mckinsey.galenframework.tests.MarvinSpacingTest">
    <skipped/>
  </testcase> <!-- universalHeroOnDesktop -->
  <testcase name="universalHeroOnMobile" time="0.014" classname="com.mckinsey.galenframework.tests.MarvinSpacingTest">
    <skipped/>
  </testcase> <!-- universalHeroOnMobile -->
  <testcase name="universalHeroOnTablet" time="0.004" classname="com.mckinsey.galenframework.tests.MarvinSpacingTest">
    <skipped/>
  </testcase> <!-- universalHeroOnTablet -->
  <testcase name="videoHeroOnDesktop" time="0.028" classname="com.mckinsey.galenframework.tests.MarvinSpacingTest">
    <skipped/>
  </testcase> <!-- videoHeroOnDesktop -->
  <testcase name="videoHeroOnMobile" time="0.001" classname="com.mckinsey.galenframework.tests.MarvinSpacingTest">
    <skipped/>
  </testcase> <!-- videoHeroOnMobile -->
  <testcase name="videoHeroOnTablet" time="0.001" classname="com.mckinsey.galenframework.tests.MarvinSpacingTest">
    <skipped/>
  </testcase> <!-- videoHeroOnTablet -->
  <testcase name="articleTemplateOnDesktop" time="0.001" classname="com.mckinsey.galenframework.tests.MarvinSpacingTest">
    <skipped/>
  </testcase> <!-- articleTemplateOnDesktop -->
  <testcase name="sidebarBodyOnAlldevices" time="0.001" classname="com.mckinsey.galenframework.tests.MarvinSpacingTest">
    <skipped/>
  </testcase> <!-- sidebarBodyOnAlldevices -->
  <testcase name="sidebarBodyOnAlldevices" time="0.0" classname="com.mckinsey.galenframework.tests.MarvinSpacingTest">
    <skipped/>
  </testcase> <!-- sidebarBodyOnAlldevices -->
  <testcase name="sidebarBodyOnAlldevices" time="0.0" classname="com.mckinsey.galenframework.tests.MarvinSpacingTest">
    <skipped/>
  </testcase> <!-- sidebarBodyOnAlldevices -->
  <testcase name="articleTemplateOnTablet" time="0.0" classname="com.mckinsey.galenframework.tests.MarvinSpacingTest">
    <skipped/>
  </testcase> <!-- articleTemplateOnTablet -->
  <testcase name="articleTemplateOnMobile" time="0.0" classname="com.mckinsey.galenframework.tests.MarvinSpacingTest">
    <skipped/>
  </testcase> <!-- articleTemplateOnMobile -->
  <testcase name="japanProfilePageOnDesktop" time="0.001" classname="com.mckinsey.galenframework.tests.JapanPageTest">
    <skipped/>
  </testcase> <!-- japanProfilePageOnDesktop -->
  <testcase name="japanProfilePageOnMobile" time="0.0" classname="com.mckinsey.galenframework.tests.JapanPageTest">
    <skipped/>
  </testcase> <!-- japanProfilePageOnMobile -->
  <testcase name="japanProfilePageOnTablet" time="0.0" classname="com.mckinsey.galenframework.tests.JapanPageTest">
    <skipped/>
  </testcase> <!-- japanProfilePageOnTablet -->
  <testcase name="japanThreeUpModuleOnAllDevices" time="0.0" classname="com.mckinsey.galenframework.tests.JapanPageTest">
    <skipped/>
  </testcase> <!-- japanThreeUpModuleOnAllDevices -->
  <testcase name="japanThreeUpModuleOnAllDevices" time="0.002" classname="com.mckinsey.galenframework.tests.JapanPageTest">
    <skipped/>
  </testcase> <!-- japanThreeUpModuleOnAllDevices -->
  <testcase name="japanThreeUpModuleOnAllDevices" time="0.0" classname="com.mckinsey.galenframework.tests.JapanPageTest">
    <skipped/>
  </testcase> <!-- japanThreeUpModuleOnAllDevices -->
  <testcase name="rtlValidationOnDesktop" time="0.0" classname="com.mckinsey.galenframework.tests.RtlValidationTest">
    <skipped/>
  </testcase> <!-- rtlValidationOnDesktop -->
  <testcase name="rtlValidationOnMobile" time="0.001" classname="com.mckinsey.galenframework.tests.RtlValidationTest">
    <skipped/>
  </testcase> <!-- rtlValidationOnMobile -->
  <testcase name="rtlValidationOnTablet" time="0.0" classname="com.mckinsey.galenframework.tests.RtlValidationTest">
    <skipped/>
  </testcase> <!-- rtlValidationOnTablet -->
  <testcase name="universalHeaderCenterOnDesktop" time="0.001" classname="com.mckinsey.galenframework.tests.UniversalHeaderPageTest">
    <skipped/>
  </testcase> <!-- universalHeaderCenterOnDesktop -->
  <testcase name="universalHeaderCenterOnMobile" time="0.001" classname="com.mckinsey.galenframework.tests.UniversalHeaderPageTest">
    <skipped/>
  </testcase> <!-- universalHeaderCenterOnMobile -->
  <testcase name="universalHeaderCenterOnTablet" time="0.001" classname="com.mckinsey.galenframework.tests.UniversalHeaderPageTest">
    <skipped/>
  </testcase> <!-- universalHeaderCenterOnTablet -->
  <testcase name="universalHeaderLeftOnDesktop" time="0.001" classname="com.mckinsey.galenframework.tests.UniversalHeaderPageTest">
    <skipped/>
  </testcase> <!-- universalHeaderLeftOnDesktop -->
  <testcase name="universalHeaderLeftOnMobile" time="0.0" classname="com.mckinsey.galenframework.tests.UniversalHeaderPageTest">
    <skipped/>
  </testcase> <!-- universalHeaderLeftOnMobile -->
  <testcase name="universalHeaderLeftOnTablet" time="0.0" classname="com.mckinsey.galenframework.tests.UniversalHeaderPageTest">
    <skipped/>
  </testcase> <!-- universalHeaderLeftOnTablet -->
  <testcase name="accordianTestOnDesktop" time="0.058" classname="com.mckinsey.galenframework.tests.AccordianTest">
    <skipped/>
  </testcase> <!-- accordianTestOnDesktop -->
  <testcase name="accordianTestOnMobile" time="0.007" classname="com.mckinsey.galenframework.tests.AccordianTest">
    <skipped/>
  </testcase> <!-- accordianTestOnMobile -->
  <testcase name="accordianTestOnTablet" time="0.001" classname="com.mckinsey.galenframework.tests.AccordianTest">
    <skipped/>
  </testcase> <!-- accordianTestOnTablet -->
</testsuite> <!-- LayoutTest -->
