<?xml version="1.0" encoding="UTF-8"?>
<!-- Generated by org.testng.reporters.JUnitXMLReporter -->
<testsuite hostname="GGN000137585002" name="Default test" tests="3" failures="3" timestamp="15 May 2018 06:41:33 GMT" time="101.811" errors="0">
  <testcase name="sampleTestOnDesktop" time="53.267" classname="com.galenframework.tests.SampleTest">
    <failure type="java.lang.NullPointerException">
      <![CDATA[java.lang.NullPointerException
	at org.openqa.selenium.remote.RemoteWebDriver.findElements(RemoteWebDriver.java:397)
	at org.openqa.selenium.remote.RemoteWebDriver.findElementsByCssSelector(RemoteWebDriver.java:496)
	at org.openqa.selenium.By$ByCssSelector.findElements(By.java:441)
	at org.openqa.selenium.remote.RemoteWebDriver.findElements(RemoteWebDriver.java:351)
	at com.galenframework.page.selenium.ByChain.findElement(ByChain.java:63)
	at com.galenframework.page.selenium.SeleniumPage.driverFindElement(SeleniumPage.java:115)
	at com.galenframework.page.selenium.SeleniumPage.locatorToElement(SeleniumPage.java:123)
	at com.galenframework.page.selenium.SeleniumPage.getObject(SeleniumPage.java:89)
	at com.galenframework.page.selenium.SeleniumPage.getObject(SeleniumPage.java:98)
	at com.galenframework.validation.PageValidation.findPageElement(PageValidation.java:88)
	at com.galenframework.validation.specs.SpecValidationAligned.check(SpecValidationAligned.java:30)
	at com.galenframework.validation.specs.SpecValidationAligned.check(SpecValidationAligned.java:26)
	at com.galenframework.validation.PageValidation.check(PageValidation.java:70)
	at com.galenframework.validation.PageValidation.check(PageValidation.java:60)
	at com.galenframework.validation.SectionValidation.checkObject(SectionValidation.java:165)
	at com.galenframework.validation.SectionValidation.checkObjects(SectionValidation.java:75)
	at com.galenframework.validation.SectionValidation.checkSection(SectionValidation.java:109)
	at com.galenframework.validation.SectionValidation.checkPageSection(SectionValidation.java:54)
	at com.galenframework.validation.SectionValidation.check(SectionValidation.java:47)
	at com.galenframework.api.Galen.checkLayoutForPage(Galen.java:113)
	at com.galenframework.api.Galen.checkLayout(Galen.java:86)
	at com.galenframework.api.Galen.checkLayout(Galen.java:69)
	at com.galenframework.api.Galen.checkLayout(Galen.java:59)
	at com.galenframework.api.Galen.checkLayout(Galen.java:52)
	at com.galenframework.api.Galen.checkLayout(Galen.java:141)
	at com.galenframework.support.GalenJavaTestBase.checkLayout(GalenJavaTestBase.java:125)
	at com.galenframework.support.GalenJavaTestBase.checkLayout(GalenJavaTestBase.java:111)
	at com.galenframework.tests.SampleTest.sampleTestOnDesktop(SampleTest.java:20)
	at sun.reflect.NativeMethodAccessorImpl.invoke0(Native Method)
	at sun.reflect.NativeMethodAccessorImpl.invoke(Unknown Source)
	at sun.reflect.DelegatingMethodAccessorImpl.invoke(Unknown Source)
	at java.lang.reflect.Method.invoke(Unknown Source)
	at org.testng.internal.MethodInvocationHelper.invokeMethod(MethodInvocationHelper.java:80)
	at org.testng.internal.Invoker.invokeMethod(Invoker.java:715)
	at org.testng.internal.Invoker.invokeTestMethod(Invoker.java:907)
	at org.testng.internal.Invoker.invokeTestMethods(Invoker.java:1237)
	at org.testng.internal.TestMethodWorker.invokeTestMethods(TestMethodWorker.java:127)
	at org.testng.internal.TestMethodWorker.run(TestMethodWorker.java:111)
	at org.testng.TestRunner.privateRun(TestRunner.java:767)
	at org.testng.TestRunner.run(TestRunner.java:617)
	at org.testng.SuiteRunner.runTest(SuiteRunner.java:334)
	at org.testng.SuiteRunner.runSequentially(SuiteRunner.java:329)
	at org.testng.SuiteRunner.privateRun(SuiteRunner.java:291)
	at org.testng.SuiteRunner.run(SuiteRunner.java:240)
	at org.testng.SuiteRunnerWorker.runSuite(SuiteRunnerWorker.java:51)
	at org.testng.SuiteRunnerWorker.run(SuiteRunnerWorker.java:85)
	at org.testng.TestNG.runSuitesSequentially(TestNG.java:1197)
	at org.testng.TestNG.runSuitesLocally(TestNG.java:1122)
	at org.testng.TestNG.run(TestNG.java:1030)
	at org.testng.remote.AbstractRemoteTestNG.run(AbstractRemoteTestNG.java:132)
	at org.testng.remote.RemoteTestNG.initAndRun(RemoteTestNG.java:230)
	at org.testng.remote.RemoteTestNG.main(RemoteTestNG.java:76)
]]>
    </failure>
  </testcase> <!-- sampleTestOnDesktop -->
  <testcase name="sampleTestOnMobile" time="13.04" classname="com.galenframework.tests.SampleTest">
    <failure type="java.lang.NullPointerException">
      <![CDATA[java.lang.NullPointerException
	at org.openqa.selenium.remote.RemoteWebDriver.findElements(RemoteWebDriver.java:397)
	at org.openqa.selenium.remote.RemoteWebDriver.findElementsByCssSelector(RemoteWebDriver.java:496)
	at org.openqa.selenium.By$ByCssSelector.findElements(By.java:441)
	at org.openqa.selenium.remote.RemoteWebDriver.findElements(RemoteWebDriver.java:351)
	at com.galenframework.page.selenium.ByChain.findElement(ByChain.java:63)
	at com.galenframework.page.selenium.SeleniumPage.driverFindElement(SeleniumPage.java:115)
	at com.galenframework.page.selenium.SeleniumPage.locatorToElement(SeleniumPage.java:123)
	at com.galenframework.page.selenium.SeleniumPage.getObject(SeleniumPage.java:89)
	at com.galenframework.page.selenium.SeleniumPage.getObject(SeleniumPage.java:98)
	at com.galenframework.validation.PageValidation.findPageElement(PageValidation.java:88)
	at com.galenframework.validation.specs.SpecValidationGeneral.check(SpecValidationGeneral.java:39)
	at com.galenframework.validation.specs.SpecValidationInside.check(SpecValidationInside.java:37)
	at com.galenframework.validation.specs.SpecValidationInside.check(SpecValidationInside.java:32)
	at com.galenframework.validation.PageValidation.check(PageValidation.java:70)
	at com.galenframework.validation.PageValidation.check(PageValidation.java:60)
	at com.galenframework.validation.SectionValidation.checkObject(SectionValidation.java:165)
	at com.galenframework.validation.SectionValidation.checkObjects(SectionValidation.java:75)
	at com.galenframework.validation.SectionValidation.checkSection(SectionValidation.java:109)
	at com.galenframework.validation.SectionValidation.checkPageSection(SectionValidation.java:54)
	at com.galenframework.validation.SectionValidation.check(SectionValidation.java:47)
	at com.galenframework.api.Galen.checkLayoutForPage(Galen.java:113)
	at com.galenframework.api.Galen.checkLayout(Galen.java:86)
	at com.galenframework.api.Galen.checkLayout(Galen.java:69)
	at com.galenframework.api.Galen.checkLayout(Galen.java:59)
	at com.galenframework.api.Galen.checkLayout(Galen.java:52)
	at com.galenframework.api.Galen.checkLayout(Galen.java:141)
	at com.galenframework.support.GalenJavaTestBase.checkLayout(GalenJavaTestBase.java:125)
	at com.galenframework.support.GalenJavaTestBase.checkLayout(GalenJavaTestBase.java:111)
	at com.galenframework.tests.SampleTest.sampleTestOnMobile(SampleTest.java:32)
	at sun.reflect.NativeMethodAccessorImpl.invoke0(Native Method)
	at sun.reflect.NativeMethodAccessorImpl.invoke(Unknown Source)
	at sun.reflect.DelegatingMethodAccessorImpl.invoke(Unknown Source)
	at java.lang.reflect.Method.invoke(Unknown Source)
	at org.testng.internal.MethodInvocationHelper.invokeMethod(MethodInvocationHelper.java:80)
	at org.testng.internal.Invoker.invokeMethod(Invoker.java:715)
	at org.testng.internal.Invoker.invokeTestMethod(Invoker.java:907)
	at org.testng.internal.Invoker.invokeTestMethods(Invoker.java:1237)
	at org.testng.internal.TestMethodWorker.invokeTestMethods(TestMethodWorker.java:127)
	at org.testng.internal.TestMethodWorker.run(TestMethodWorker.java:111)
	at org.testng.TestRunner.privateRun(TestRunner.java:767)
	at org.testng.TestRunner.run(TestRunner.java:617)
	at org.testng.SuiteRunner.runTest(SuiteRunner.java:334)
	at org.testng.SuiteRunner.runSequentially(SuiteRunner.java:329)
	at org.testng.SuiteRunner.privateRun(SuiteRunner.java:291)
	at org.testng.SuiteRunner.run(SuiteRunner.java:240)
	at org.testng.SuiteRunnerWorker.runSuite(SuiteRunnerWorker.java:51)
	at org.testng.SuiteRunnerWorker.run(SuiteRunnerWorker.java:85)
	at org.testng.TestNG.runSuitesSequentially(TestNG.java:1197)
	at org.testng.TestNG.runSuitesLocally(TestNG.java:1122)
	at org.testng.TestNG.run(TestNG.java:1030)
	at org.testng.remote.AbstractRemoteTestNG.run(AbstractRemoteTestNG.java:132)
	at org.testng.remote.RemoteTestNG.initAndRun(RemoteTestNG.java:230)
	at org.testng.remote.RemoteTestNG.main(RemoteTestNG.java:76)
]]>
    </failure>
  </testcase> <!-- sampleTestOnMobile -->
  <testcase name="sampleTestOnTablet" time="9.657" classname="com.galenframework.tests.SampleTest">
    <failure type="java.lang.NullPointerException">
      <![CDATA[java.lang.NullPointerException
	at org.openqa.selenium.remote.RemoteWebDriver.findElements(RemoteWebDriver.java:397)
	at org.openqa.selenium.remote.RemoteWebDriver.findElementsByCssSelector(RemoteWebDriver.java:496)
	at org.openqa.selenium.By$ByCssSelector.findElements(By.java:441)
	at org.openqa.selenium.remote.RemoteWebDriver.findElements(RemoteWebDriver.java:351)
	at com.galenframework.page.selenium.ByChain.findElement(ByChain.java:63)
	at com.galenframework.page.selenium.SeleniumPage.driverFindElement(SeleniumPage.java:115)
	at com.galenframework.page.selenium.SeleniumPage.locatorToElement(SeleniumPage.java:123)
	at com.galenframework.page.selenium.SeleniumPage.getObject(SeleniumPage.java:89)
	at com.galenframework.page.selenium.SeleniumPage.getObject(SeleniumPage.java:98)
	at com.galenframework.validation.PageValidation.findPageElement(PageValidation.java:88)
	at com.galenframework.validation.specs.SpecValidationGeneral.check(SpecValidationGeneral.java:39)
	at com.galenframework.validation.specs.SpecValidationInside.check(SpecValidationInside.java:37)
	at com.galenframework.validation.specs.SpecValidationInside.check(SpecValidationInside.java:32)
	at com.galenframework.validation.PageValidation.check(PageValidation.java:70)
	at com.galenframework.validation.PageValidation.check(PageValidation.java:60)
	at com.galenframework.validation.SectionValidation.checkObject(SectionValidation.java:165)
	at com.galenframework.validation.SectionValidation.checkObjects(SectionValidation.java:75)
	at com.galenframework.validation.SectionValidation.checkSection(SectionValidation.java:109)
	at com.galenframework.validation.SectionValidation.checkPageSection(SectionValidation.java:54)
	at com.galenframework.validation.SectionValidation.check(SectionValidation.java:47)
	at com.galenframework.api.Galen.checkLayoutForPage(Galen.java:113)
	at com.galenframework.api.Galen.checkLayout(Galen.java:86)
	at com.galenframework.api.Galen.checkLayout(Galen.java:69)
	at com.galenframework.api.Galen.checkLayout(Galen.java:59)
	at com.galenframework.api.Galen.checkLayout(Galen.java:52)
	at com.galenframework.api.Galen.checkLayout(Galen.java:141)
	at com.galenframework.support.GalenJavaTestBase.checkLayout(GalenJavaTestBase.java:125)
	at com.galenframework.support.GalenJavaTestBase.checkLayout(GalenJavaTestBase.java:111)
	at com.galenframework.tests.SampleTest.sampleTestOnTablet(SampleTest.java:26)
	at sun.reflect.NativeMethodAccessorImpl.invoke0(Native Method)
	at sun.reflect.NativeMethodAccessorImpl.invoke(Unknown Source)
	at sun.reflect.DelegatingMethodAccessorImpl.invoke(Unknown Source)
	at java.lang.reflect.Method.invoke(Unknown Source)
	at org.testng.internal.MethodInvocationHelper.invokeMethod(MethodInvocationHelper.java:80)
	at org.testng.internal.Invoker.invokeMethod(Invoker.java:715)
	at org.testng.internal.Invoker.invokeTestMethod(Invoker.java:907)
	at org.testng.internal.Invoker.invokeTestMethods(Invoker.java:1237)
	at org.testng.internal.TestMethodWorker.invokeTestMethods(TestMethodWorker.java:127)
	at org.testng.internal.TestMethodWorker.run(TestMethodWorker.java:111)
	at org.testng.TestRunner.privateRun(TestRunner.java:767)
	at org.testng.TestRunner.run(TestRunner.java:617)
	at org.testng.SuiteRunner.runTest(SuiteRunner.java:334)
	at org.testng.SuiteRunner.runSequentially(SuiteRunner.java:329)
	at org.testng.SuiteRunner.privateRun(SuiteRunner.java:291)
	at org.testng.SuiteRunner.run(SuiteRunner.java:240)
	at org.testng.SuiteRunnerWorker.runSuite(SuiteRunnerWorker.java:51)
	at org.testng.SuiteRunnerWorker.run(SuiteRunnerWorker.java:85)
	at org.testng.TestNG.runSuitesSequentially(TestNG.java:1197)
	at org.testng.TestNG.runSuitesLocally(TestNG.java:1122)
	at org.testng.TestNG.run(TestNG.java:1030)
	at org.testng.remote.AbstractRemoteTestNG.run(AbstractRemoteTestNG.java:132)
	at org.testng.remote.RemoteTestNG.initAndRun(RemoteTestNG.java:230)
	at org.testng.remote.RemoteTestNG.main(RemoteTestNG.java:76)
]]>
    </failure>
  </testcase> <!-- sampleTestOnTablet -->
</testsuite> <!-- Default test -->
